2022/10/04 06:27:25 [emerg] 1#1: directive "error_log" is not terminated by ";" in /etc/nginx/conf.d/default.conf:9
2022/10/04 06:30:36 [emerg] 1#1: directive "error_log" is not terminated by ";" in /etc/nginx/conf.d/default.conf:9
2022/10/04 06:32:51 [emerg] 1#1: directive "error_log" is not terminated by ";" in /etc/nginx/conf.d/default.conf:9
2022/10/04 06:39:59 [emerg] 1#1: host not found in upstream "php-apache" in /etc/nginx/conf.d/default.conf:51
2022/10/04 06:44:23 [emerg] 1#1: host not found in upstream "php-apache" in /etc/nginx/conf.d/default.conf:51
2022/10/04 06:50:56 [emerg] 1#1: "proxy_pass" cannot have URI part in location given by regular expression, or inside named location, or inside "if" statement, or inside "limit_except" block in /etc/nginx/conf.d/default.conf:51
2022/10/04 07:00:51 [emerg] 1#1: host not found in upstream "php-apache" in /etc/nginx/conf.d/default.conf:51
2022/10/04 07:08:18 [emerg] 1#1: host not found in upstream "php-apache" in /etc/nginx/conf.d/default.conf:51
2022/10/04 07:15:19 [notice] 1#1: using the "epoll" event method
2022/10/04 07:15:19 [notice] 1#1: nginx/1.23.1
2022/10/04 07:15:19 [notice] 1#1: built by gcc 10.2.1 20210110 (Debian 10.2.1-6) 
2022/10/04 07:15:19 [notice] 1#1: OS: Linux 5.4.0-126-generic
2022/10/04 07:15:19 [notice] 1#1: getrlimit(RLIMIT_NOFILE): 1024:524288
2022/10/04 07:15:19 [notice] 1#1: start worker processes
2022/10/04 07:15:19 [notice] 1#1: start worker process 30
2022/10/04 07:15:19 [notice] 1#1: start worker process 31
2022/10/04 07:15:19 [notice] 1#1: start worker process 32
2022/10/04 07:15:19 [notice] 1#1: start worker process 33
2022/10/04 07:19:41 [notice] 1#1: signal 3 (SIGQUIT) received, shutting down
2022/10/04 07:19:41 [notice] 32#32: gracefully shutting down
2022/10/04 07:19:41 [notice] 33#33: gracefully shutting down
2022/10/04 07:19:41 [notice] 30#30: gracefully shutting down
2022/10/04 07:19:41 [notice] 32#32: exiting
2022/10/04 07:19:41 [notice] 33#33: exiting
2022/10/04 07:19:41 [notice] 30#30: exiting
2022/10/04 07:19:41 [notice] 33#33: exit
2022/10/04 07:19:41 [notice] 32#32: exit
2022/10/04 07:19:41 [notice] 30#30: exit
2022/10/04 07:19:41 [notice] 31#31: gracefully shutting down
2022/10/04 07:19:41 [notice] 31#31: exiting
2022/10/04 07:19:41 [notice] 31#31: exit
2022/10/04 07:19:41 [notice] 1#1: signal 17 (SIGCHLD) received from 31
2022/10/04 07:19:41 [notice] 1#1: worker process 31 exited with code 0
2022/10/04 07:19:41 [notice] 1#1: worker process 33 exited with code 0
2022/10/04 07:19:41 [notice] 1#1: signal 29 (SIGIO) received
2022/10/04 07:19:41 [notice] 1#1: signal 17 (SIGCHLD) received from 32
2022/10/04 07:19:41 [notice] 1#1: worker process 32 exited with code 0
2022/10/04 07:19:41 [notice] 1#1: signal 29 (SIGIO) received
2022/10/04 07:19:41 [notice] 1#1: signal 17 (SIGCHLD) received from 30
2022/10/04 07:19:41 [notice] 1#1: worker process 30 exited with code 0
2022/10/04 07:19:41 [notice] 1#1: exit
2022/10/04 07:20:12 [notice] 1#1: using the "epoll" event method
2022/10/04 07:20:12 [notice] 1#1: nginx/1.23.1
2022/10/04 07:20:12 [notice] 1#1: built by gcc 10.2.1 20210110 (Debian 10.2.1-6) 
2022/10/04 07:20:12 [notice] 1#1: OS: Linux 5.4.0-126-generic
2022/10/04 07:20:12 [notice] 1#1: getrlimit(RLIMIT_NOFILE): 1024:524288
2022/10/04 07:20:12 [notice] 1#1: start worker processes
2022/10/04 07:20:12 [notice] 1#1: start worker process 30
2022/10/04 07:20:12 [notice] 1#1: start worker process 31
2022/10/04 07:20:12 [notice] 1#1: start worker process 32
2022/10/04 07:20:12 [notice] 1#1: start worker process 33
2022/10/04 07:22:29 [notice] 1#1: signal 3 (SIGQUIT) received, shutting down
2022/10/04 07:22:29 [notice] 30#30: gracefully shutting down
2022/10/04 07:22:29 [notice] 30#30: exiting
2022/10/04 07:22:29 [notice] 31#31: gracefully shutting down
2022/10/04 07:22:29 [notice] 31#31: exiting
2022/10/04 07:22:29 [notice] 30#30: exit
2022/10/04 07:22:29 [notice] 31#31: exit
2022/10/04 07:22:29 [notice] 32#32: gracefully shutting down
2022/10/04 07:22:29 [notice] 32#32: exiting
2022/10/04 07:22:29 [notice] 32#32: exit
2022/10/04 07:22:29 [notice] 33#33: gracefully shutting down
2022/10/04 07:22:29 [notice] 33#33: exiting
2022/10/04 07:22:29 [notice] 33#33: exit
2022/10/04 07:22:29 [notice] 1#1: signal 17 (SIGCHLD) received from 32
2022/10/04 07:22:29 [notice] 1#1: worker process 31 exited with code 0
2022/10/04 07:22:29 [notice] 1#1: worker process 32 exited with code 0
2022/10/04 07:22:29 [notice] 1#1: signal 29 (SIGIO) received
2022/10/04 07:22:29 [notice] 1#1: signal 17 (SIGCHLD) received from 33
2022/10/04 07:22:29 [notice] 1#1: worker process 30 exited with code 0
2022/10/04 07:22:29 [notice] 1#1: worker process 33 exited with code 0
2022/10/04 07:22:29 [notice] 1#1: exit
2022/10/04 07:22:39 [notice] 1#1: using the "epoll" event method
2022/10/04 07:22:39 [notice] 1#1: nginx/1.23.1
2022/10/04 07:22:39 [notice] 1#1: built by gcc 10.2.1 20210110 (Debian 10.2.1-6) 
2022/10/04 07:22:39 [notice] 1#1: OS: Linux 5.4.0-126-generic
2022/10/04 07:22:39 [notice] 1#1: getrlimit(RLIMIT_NOFILE): 1024:524288
2022/10/04 07:22:39 [notice] 1#1: start worker processes
2022/10/04 07:22:39 [notice] 1#1: start worker process 30
2022/10/04 07:22:39 [notice] 1#1: start worker process 31
2022/10/04 07:22:39 [notice] 1#1: start worker process 32
2022/10/04 07:22:39 [notice] 1#1: start worker process 33
2022/10/04 10:59:44 [notice] 30#30: signal 15 (SIGTERM) received, exiting
2022/10/04 10:59:44 [notice] 33#33: signal 15 (SIGTERM) received, exiting
2022/10/04 10:59:44 [notice] 31#31: signal 15 (SIGTERM) received, exiting
2022/10/04 10:59:44 [notice] 32#32: signal 15 (SIGTERM) received, exiting
2022/10/04 10:59:44 [notice] 1#1: signal 15 (SIGTERM) received, exiting
2022/10/04 10:59:44 [notice] 30#30: exiting
2022/10/04 10:59:44 [notice] 33#33: exiting
2022/10/04 10:59:44 [notice] 32#32: exiting
2022/10/04 10:59:44 [notice] 31#31: exiting
2022/10/04 10:59:44 [notice] 33#33: exit
2022/10/04 10:59:44 [notice] 32#32: exit
2022/10/04 10:59:44 [notice] 31#31: exit
2022/10/04 10:59:44 [notice] 30#30: exit
2022/10/04 10:59:44 [notice] 1#1: signal 14 (SIGALRM) received
2022/10/04 10:59:44 [notice] 1#1: signal 14 (SIGALRM) received
2022/10/04 10:59:44 [notice] 1#1: signal 17 (SIGCHLD) received from 33
2022/10/04 10:59:44 [notice] 1#1: worker process 33 exited with code 0
2022/10/04 10:59:44 [notice] 1#1: signal 29 (SIGIO) received
2022/10/04 10:59:44 [notice] 1#1: signal 17 (SIGCHLD) received from 31
2022/10/04 10:59:44 [notice] 1#1: worker process 31 exited with code 0
2022/10/04 10:59:44 [notice] 1#1: signal 29 (SIGIO) received
2022/10/04 10:59:44 [notice] 1#1: signal 17 (SIGCHLD) received from 32
2022/10/04 10:59:44 [notice] 1#1: worker process 32 exited with code 0
2022/10/04 10:59:44 [notice] 1#1: signal 29 (SIGIO) received
2022/10/04 10:59:44 [notice] 1#1: signal 17 (SIGCHLD) received from 30
2022/10/04 10:59:44 [notice] 1#1: worker process 30 exited with code 0
2022/10/04 10:59:44 [notice] 1#1: exit
2022/10/05 11:48:59 [notice] 1#1: using the "epoll" event method
2022/10/05 11:48:59 [notice] 1#1: nginx/1.23.1
2022/10/05 11:48:59 [notice] 1#1: built by gcc 10.2.1 20210110 (Debian 10.2.1-6) 
2022/10/05 11:48:59 [notice] 1#1: OS: Linux 5.4.0-126-generic
2022/10/05 11:48:59 [notice] 1#1: getrlimit(RLIMIT_NOFILE): 1024:524288
2022/10/05 11:48:59 [notice] 1#1: start worker processes
2022/10/05 11:48:59 [notice] 1#1: start worker process 31
2022/10/05 11:48:59 [notice] 1#1: start worker process 32
2022/10/05 11:48:59 [notice] 1#1: start worker process 33
2022/10/05 11:48:59 [notice] 1#1: start worker process 34
2022/10/05 13:49:00 [notice] 1#1: using the "epoll" event method
2022/10/05 13:49:00 [notice] 1#1: nginx/1.23.1
2022/10/05 13:49:00 [notice] 1#1: built by gcc 10.2.1 20210110 (Debian 10.2.1-6) 
2022/10/05 13:49:00 [notice] 1#1: OS: Linux 5.4.0-126-generic
2022/10/05 13:49:00 [notice] 1#1: getrlimit(RLIMIT_NOFILE): 1024:524288
2022/10/05 13:49:00 [notice] 1#1: start worker processes
2022/10/05 13:49:00 [notice] 1#1: start worker process 30
2022/10/05 13:49:00 [notice] 1#1: start worker process 31
2022/10/05 13:49:00 [notice] 1#1: start worker process 32
2022/10/05 13:49:00 [notice] 1#1: start worker process 33
2022/10/05 13:49:32 [notice] 1#1: signal 3 (SIGQUIT) received, shutting down
2022/10/05 13:49:32 [notice] 30#30: gracefully shutting down
2022/10/05 13:49:32 [notice] 31#31: gracefully shutting down
2022/10/05 13:49:32 [notice] 30#30: exiting
2022/10/05 13:49:32 [notice] 31#31: exiting
2022/10/05 13:49:32 [notice] 30#30: exit
2022/10/05 13:49:32 [notice] 31#31: exit
2022/10/05 13:49:32 [notice] 32#32: gracefully shutting down
2022/10/05 13:49:32 [notice] 32#32: exiting
2022/10/05 13:49:32 [notice] 32#32: exit
2022/10/05 13:49:32 [notice] 33#33: gracefully shutting down
2022/10/05 13:49:32 [notice] 33#33: exiting
2022/10/05 13:49:32 [notice] 33#33: exit
2022/10/05 13:49:32 [notice] 1#1: signal 17 (SIGCHLD) received from 30
2022/10/05 13:49:32 [notice] 1#1: worker process 30 exited with code 0
2022/10/05 13:49:32 [notice] 1#1: worker process 32 exited with code 0
2022/10/05 13:49:32 [notice] 1#1: worker process 33 exited with code 0
2022/10/05 13:49:32 [notice] 1#1: signal 29 (SIGIO) received
2022/10/05 13:49:32 [notice] 1#1: signal 17 (SIGCHLD) received from 31
2022/10/05 13:49:32 [notice] 1#1: worker process 31 exited with code 0
2022/10/05 13:49:32 [notice] 1#1: exit
2022/10/05 13:49:43 [notice] 1#1: using the "epoll" event method
2022/10/05 13:49:43 [notice] 1#1: nginx/1.23.1
2022/10/05 13:49:43 [notice] 1#1: built by gcc 10.2.1 20210110 (Debian 10.2.1-6) 
2022/10/05 13:49:43 [notice] 1#1: OS: Linux 5.4.0-126-generic
2022/10/05 13:49:43 [notice] 1#1: getrlimit(RLIMIT_NOFILE): 1024:524288
2022/10/05 13:49:43 [notice] 1#1: start worker processes
2022/10/05 13:49:43 [notice] 1#1: start worker process 31
2022/10/05 13:49:43 [notice] 1#1: start worker process 32
2022/10/05 13:49:43 [notice] 1#1: start worker process 33
2022/10/05 13:49:43 [notice] 1#1: start worker process 34
2022/10/05 13:56:33 [notice] 1#1: signal 3 (SIGQUIT) received, shutting down
2022/10/05 13:56:33 [notice] 31#31: gracefully shutting down
2022/10/05 13:56:33 [notice] 31#31: exiting
2022/10/05 13:56:33 [notice] 33#33: gracefully shutting down
2022/10/05 13:56:33 [notice] 32#32: gracefully shutting down
2022/10/05 13:56:33 [notice] 33#33: exiting
2022/10/05 13:56:33 [notice] 32#32: exiting
2022/10/05 13:56:33 [notice] 31#31: exit
2022/10/05 13:56:33 [notice] 33#33: exit
2022/10/05 13:56:33 [notice] 32#32: exit
2022/10/05 13:56:33 [notice] 34#34: gracefully shutting down
2022/10/05 13:56:33 [notice] 34#34: exiting
2022/10/05 13:56:33 [notice] 34#34: exit
2022/10/05 13:56:33 [notice] 1#1: signal 17 (SIGCHLD) received from 33
2022/10/05 13:56:33 [notice] 1#1: worker process 32 exited with code 0
2022/10/05 13:56:33 [notice] 1#1: worker process 33 exited with code 0
2022/10/05 13:56:33 [notice] 1#1: worker process 34 exited with code 0
2022/10/05 13:56:33 [notice] 1#1: signal 29 (SIGIO) received
2022/10/05 13:56:33 [notice] 1#1: signal 17 (SIGCHLD) received from 32
2022/10/05 13:56:33 [notice] 1#1: signal 17 (SIGCHLD) received from 31
2022/10/05 13:56:33 [notice] 1#1: worker process 31 exited with code 0
2022/10/05 13:56:33 [notice] 1#1: exit
2022/10/05 13:56:48 [notice] 1#1: using the "epoll" event method
2022/10/05 13:56:48 [notice] 1#1: nginx/1.23.1
2022/10/05 13:56:48 [notice] 1#1: built by gcc 10.2.1 20210110 (Debian 10.2.1-6) 
2022/10/05 13:56:48 [notice] 1#1: OS: Linux 5.4.0-126-generic
2022/10/05 13:56:48 [notice] 1#1: getrlimit(RLIMIT_NOFILE): 1024:524288
2022/10/05 13:56:48 [notice] 1#1: start worker processes
2022/10/05 13:56:48 [notice] 1#1: start worker process 31
2022/10/05 13:56:48 [notice] 1#1: start worker process 32
2022/10/05 13:56:48 [notice] 1#1: start worker process 33
2022/10/05 13:56:48 [notice] 1#1: start worker process 34
2022/10/05 13:57:14 [notice] 1#1: signal 3 (SIGQUIT) received, shutting down
2022/10/05 13:57:14 [notice] 31#31: gracefully shutting down
2022/10/05 13:57:14 [notice] 34#34: gracefully shutting down
2022/10/05 13:57:14 [notice] 31#31: exiting
2022/10/05 13:57:14 [notice] 32#32: gracefully shutting down
2022/10/05 13:57:14 [notice] 34#34: exiting
2022/10/05 13:57:14 [notice] 32#32: exiting
2022/10/05 13:57:14 [notice] 31#31: exit
2022/10/05 13:57:14 [notice] 34#34: exit
2022/10/05 13:57:14 [notice] 32#32: exit
2022/10/05 13:57:14 [notice] 33#33: gracefully shutting down
2022/10/05 13:57:14 [notice] 33#33: exiting
2022/10/05 13:57:14 [notice] 33#33: exit
2022/10/05 13:57:14 [notice] 1#1: signal 17 (SIGCHLD) received from 32
2022/10/05 13:57:14 [notice] 1#1: worker process 32 exited with code 0
2022/10/05 13:57:14 [notice] 1#1: signal 29 (SIGIO) received
2022/10/05 13:57:14 [notice] 1#1: signal 17 (SIGCHLD) received from 31
2022/10/05 13:57:14 [notice] 1#1: worker process 31 exited with code 0
2022/10/05 13:57:14 [notice] 1#1: signal 29 (SIGIO) received
2022/10/05 13:57:14 [notice] 1#1: signal 17 (SIGCHLD) received from 33
2022/10/05 13:57:14 [notice] 1#1: worker process 33 exited with code 0
2022/10/05 13:57:14 [notice] 1#1: worker process 34 exited with code 0
2022/10/05 13:57:14 [notice] 1#1: exit
2022/10/06 07:03:30 [notice] 1#1: using the "epoll" event method
2022/10/06 07:03:30 [notice] 1#1: nginx/1.23.1
2022/10/06 07:03:30 [notice] 1#1: built by gcc 10.2.1 20210110 (Debian 10.2.1-6) 
2022/10/06 07:03:30 [notice] 1#1: OS: Linux 5.4.0-126-generic
2022/10/06 07:03:30 [notice] 1#1: getrlimit(RLIMIT_NOFILE): 1024:524288
2022/10/06 07:03:30 [notice] 1#1: start worker processes
2022/10/06 07:03:30 [notice] 1#1: start worker process 34
2022/10/06 07:03:30 [notice] 1#1: start worker process 35
2022/10/06 07:03:30 [notice] 1#1: start worker process 36
2022/10/06 07:03:30 [notice] 1#1: start worker process 37
2022/10/06 07:04:09 [error] 34#34: *1 connect() failed (111: Connection refused) while connecting to upstream, client: 172.18.0.1, server: nginx, request: "GET / HTTP/1.1", upstream: "http://127.0.0.1:8080/", host: "localhost:8000"
2022/10/06 07:04:09 [error] 34#34: *1 connect() failed (111: Connection refused) while connecting to upstream, client: 172.18.0.1, server: nginx, request: "GET / HTTP/1.1", upstream: "http://127.0.0.1:8080/", host: "localhost:8000"
2022/10/06 07:04:09 [error] 34#34: *1 open() "/usr/share/nginx/html/50x.html" failed (2: No such file or directory), client: 172.18.0.1, server: nginx, request: "GET / HTTP/1.1", upstream: "http://127.0.0.1:8080/", host: "localhost:8000"
2022/10/06 07:04:10 [error] 34#34: *1 no live upstreams while connecting to upstream, client: 172.18.0.1, server: nginx, request: "GET /favicon.ico HTTP/1.1", upstream: "http://localhost/favicon.ico", host: "localhost:8000", referrer: "http://localhost:8000/"
2022/10/06 07:04:10 [error] 34#34: *1 open() "/usr/share/nginx/html/50x.html" failed (2: No such file or directory), client: 172.18.0.1, server: nginx, request: "GET /favicon.ico HTTP/1.1", upstream: "http://localhost/favicon.ico", host: "localhost:8000", referrer: "http://localhost:8000/"
2022/10/06 07:13:53 [notice] 1#1: signal 3 (SIGQUIT) received, shutting down
2022/10/06 07:13:53 [notice] 35#35: gracefully shutting down
2022/10/06 07:13:53 [notice] 35#35: exiting
2022/10/06 07:13:53 [notice] 35#35: exit
2022/10/06 07:13:53 [notice] 34#34: gracefully shutting down
2022/10/06 07:13:53 [notice] 37#37: gracefully shutting down
2022/10/06 07:13:53 [notice] 36#36: gracefully shutting down
2022/10/06 07:13:53 [notice] 34#34: exiting
2022/10/06 07:13:53 [notice] 37#37: exiting
2022/10/06 07:13:53 [notice] 36#36: exiting
2022/10/06 07:13:53 [notice] 34#34: exit
2022/10/06 07:13:53 [notice] 37#37: exit
2022/10/06 07:13:53 [notice] 36#36: exit
2022/10/06 07:13:53 [notice] 1#1: signal 17 (SIGCHLD) received from 35
2022/10/06 07:13:53 [notice] 1#1: worker process 34 exited with code 0
2022/10/06 07:13:53 [notice] 1#1: worker process 35 exited with code 0
2022/10/06 07:13:53 [notice] 1#1: signal 29 (SIGIO) received
2022/10/06 07:13:53 [notice] 1#1: signal 17 (SIGCHLD) received from 34
2022/10/06 07:13:53 [notice] 1#1: signal 17 (SIGCHLD) received from 37
2022/10/06 07:13:53 [notice] 1#1: worker process 37 exited with code 0
2022/10/06 07:13:53 [notice] 1#1: signal 29 (SIGIO) received
2022/10/06 07:13:53 [notice] 1#1: signal 17 (SIGCHLD) received from 36
2022/10/06 07:13:53 [notice] 1#1: worker process 36 exited with code 0
2022/10/06 07:13:53 [notice] 1#1: exit
2022/10/06 07:24:04 [notice] 1#1: using the "epoll" event method
2022/10/06 07:24:04 [notice] 1#1: nginx/1.23.1
2022/10/06 07:24:04 [notice] 1#1: built by gcc 10.2.1 20210110 (Debian 10.2.1-6) 
2022/10/06 07:24:04 [notice] 1#1: OS: Linux 5.4.0-126-generic
2022/10/06 07:24:04 [notice] 1#1: getrlimit(RLIMIT_NOFILE): 1024:524288
2022/10/06 07:24:04 [notice] 1#1: start worker processes
2022/10/06 07:24:04 [notice] 1#1: start worker process 30
2022/10/06 07:24:04 [notice] 1#1: start worker process 31
2022/10/06 07:24:04 [notice] 1#1: start worker process 32
2022/10/06 07:24:04 [notice] 1#1: start worker process 33
2022/10/06 07:26:23 [notice] 1#1: signal 3 (SIGQUIT) received, shutting down
2022/10/06 07:26:23 [notice] 32#32: gracefully shutting down
2022/10/06 07:26:23 [notice] 30#30: gracefully shutting down
2022/10/06 07:26:23 [notice] 32#32: exiting
2022/10/06 07:26:23 [notice] 30#30: exiting
2022/10/06 07:26:23 [notice] 32#32: exit
2022/10/06 07:26:23 [notice] 30#30: exit
2022/10/06 07:26:23 [notice] 31#31: gracefully shutting down
2022/10/06 07:26:23 [notice] 31#31: exiting
2022/10/06 07:26:23 [notice] 31#31: exit
2022/10/06 07:26:23 [notice] 33#33: gracefully shutting down
2022/10/06 07:26:23 [notice] 33#33: exiting
2022/10/06 07:26:23 [notice] 33#33: exit
2022/10/06 07:26:23 [notice] 1#1: signal 17 (SIGCHLD) received from 31
2022/10/06 07:26:23 [notice] 1#1: worker process 30 exited with code 0
2022/10/06 07:26:23 [notice] 1#1: worker process 31 exited with code 0
2022/10/06 07:26:23 [notice] 1#1: worker process 32 exited with code 0
2022/10/06 07:26:23 [notice] 1#1: signal 29 (SIGIO) received
2022/10/06 07:26:23 [notice] 1#1: signal 17 (SIGCHLD) received from 33
2022/10/06 07:26:23 [notice] 1#1: worker process 33 exited with code 0
2022/10/06 07:26:23 [notice] 1#1: exit
2022/10/06 07:26:43 [notice] 1#1: using the "epoll" event method
2022/10/06 07:26:43 [notice] 1#1: nginx/1.23.1
2022/10/06 07:26:43 [notice] 1#1: built by gcc 10.2.1 20210110 (Debian 10.2.1-6) 
2022/10/06 07:26:43 [notice] 1#1: OS: Linux 5.4.0-126-generic
2022/10/06 07:26:43 [notice] 1#1: getrlimit(RLIMIT_NOFILE): 1024:524288
2022/10/06 07:26:43 [notice] 1#1: start worker processes
2022/10/06 07:26:43 [notice] 1#1: start worker process 30
2022/10/06 07:26:43 [notice] 1#1: start worker process 31
2022/10/06 07:26:43 [notice] 1#1: start worker process 32
2022/10/06 07:26:43 [notice] 1#1: start worker process 33
2022/10/06 07:29:20 [notice] 1#1: signal 3 (SIGQUIT) received, shutting down
2022/10/06 07:29:20 [notice] 31#31: gracefully shutting down
2022/10/06 07:29:20 [notice] 30#30: gracefully shutting down
2022/10/06 07:29:20 [notice] 32#32: gracefully shutting down
2022/10/06 07:29:20 [notice] 31#31: exiting
2022/10/06 07:29:20 [notice] 30#30: exiting
2022/10/06 07:29:20 [notice] 32#32: exiting
2022/10/06 07:29:20 [notice] 31#31: exit
2022/10/06 07:29:20 [notice] 30#30: exit
2022/10/06 07:29:20 [notice] 32#32: exit
2022/10/06 07:29:20 [notice] 33#33: gracefully shutting down
2022/10/06 07:29:20 [notice] 33#33: exiting
2022/10/06 07:29:20 [notice] 33#33: exit
2022/10/06 07:29:20 [notice] 1#1: signal 17 (SIGCHLD) received from 30
2022/10/06 07:29:20 [notice] 1#1: worker process 30 exited with code 0
2022/10/06 07:29:20 [notice] 1#1: worker process 31 exited with code 0
2022/10/06 07:29:20 [notice] 1#1: worker process 32 exited with code 0
2022/10/06 07:29:20 [notice] 1#1: signal 29 (SIGIO) received
2022/10/06 07:29:20 [notice] 1#1: signal 17 (SIGCHLD) received from 33
2022/10/06 07:29:20 [notice] 1#1: worker process 33 exited with code 0
2022/10/06 07:29:20 [notice] 1#1: exit
2022/10/06 13:46:17 [notice] 1#1: using the "epoll" event method
2022/10/06 13:46:17 [notice] 1#1: nginx/1.23.1
2022/10/06 13:46:17 [notice] 1#1: built by gcc 10.2.1 20210110 (Debian 10.2.1-6) 
2022/10/06 13:46:17 [notice] 1#1: OS: Linux 5.4.0-126-generic
2022/10/06 13:46:17 [notice] 1#1: getrlimit(RLIMIT_NOFILE): 1024:524288
2022/10/06 13:46:17 [notice] 1#1: start worker processes
2022/10/06 13:46:17 [notice] 1#1: start worker process 30
2022/10/06 13:46:17 [notice] 1#1: start worker process 31
2022/10/06 13:46:17 [notice] 1#1: start worker process 32
2022/10/06 13:46:17 [notice] 1#1: start worker process 33
2022/10/06 13:48:41 [error] 30#30: *1 connect() failed (111: Connection refused) while connecting to upstream, client: 172.18.0.1, server: nginx, request: "GET / HTTP/1.1", upstream: "http://127.0.0.1:8080/", host: "localhost:8000"
2022/10/06 13:48:41 [error] 30#30: *1 connect() failed (111: Connection refused) while connecting to upstream, client: 172.18.0.1, server: nginx, request: "GET / HTTP/1.1", upstream: "http://127.0.0.1:8080/", host: "localhost:8000"
2022/10/06 13:48:41 [error] 30#30: *1 open() "/usr/share/nginx/html/50x.html" failed (2: No such file or directory), client: 172.18.0.1, server: nginx, request: "GET / HTTP/1.1", upstream: "http://127.0.0.1:8080/", host: "localhost:8000"
2022/10/06 14:21:09 [notice] 30#30: signal 15 (SIGTERM) received, exiting
2022/10/06 14:21:09 [notice] 31#31: signal 15 (SIGTERM) received, exiting
2022/10/06 14:21:09 [notice] 1#1: signal 15 (SIGTERM) received, exiting
2022/10/06 14:21:09 [notice] 33#33: signal 15 (SIGTERM) received, exiting
2022/10/06 14:21:09 [notice] 32#32: signal 15 (SIGTERM) received, exiting
2022/10/06 14:21:09 [notice] 33#33: exiting
2022/10/06 14:21:09 [notice] 32#32: exiting
2022/10/06 14:21:09 [notice] 31#31: exiting
2022/10/06 14:21:09 [notice] 30#30: exiting
2022/10/06 14:21:09 [notice] 33#33: exit
2022/10/06 14:21:09 [notice] 31#31: exit
2022/10/06 14:21:09 [notice] 32#32: exit
2022/10/06 14:21:09 [notice] 30#30: exit
2022/10/06 14:21:09 [notice] 1#1: signal 14 (SIGALRM) received
2022/10/06 14:21:09 [notice] 1#1: signal 17 (SIGCHLD) received from 30
2022/10/06 14:21:09 [notice] 1#1: worker process 30 exited with code 0
2022/10/06 14:21:09 [notice] 1#1: signal 29 (SIGIO) received
2022/10/06 14:21:09 [notice] 1#1: signal 17 (SIGCHLD) received from 31
2022/10/06 14:21:09 [notice] 1#1: worker process 31 exited with code 0
2022/10/06 14:21:09 [notice] 1#1: worker process 32 exited with code 0
2022/10/06 14:21:09 [notice] 1#1: worker process 33 exited with code 0
2022/10/06 14:21:09 [notice] 1#1: exit
2022/10/06 14:26:09 [notice] 1#1: using the "epoll" event method
2022/10/06 14:26:09 [notice] 1#1: nginx/1.23.1
2022/10/06 14:26:09 [notice] 1#1: built by gcc 10.2.1 20210110 (Debian 10.2.1-6) 
2022/10/06 14:26:09 [notice] 1#1: OS: Linux 5.4.0-126-generic
2022/10/06 14:26:09 [notice] 1#1: getrlimit(RLIMIT_NOFILE): 1024:524288
2022/10/06 14:26:09 [notice] 1#1: start worker processes
2022/10/06 14:26:09 [notice] 1#1: start worker process 33
2022/10/06 14:26:09 [notice] 1#1: start worker process 34
2022/10/06 14:26:09 [notice] 1#1: start worker process 35
2022/10/06 14:26:09 [notice] 1#1: start worker process 36
2022/10/06 14:26:47 [error] 33#33: *1 connect() failed (111: Connection refused) while connecting to upstream, client: 172.18.0.1, server: nginx, request: "GET / HTTP/1.1", upstream: "http://127.0.0.1:8080/", host: "localhost:8000"
2022/10/06 14:26:47 [error] 33#33: *1 connect() failed (111: Connection refused) while connecting to upstream, client: 172.18.0.1, server: nginx, request: "GET / HTTP/1.1", upstream: "http://127.0.0.1:8080/", host: "localhost:8000"
2022/10/06 14:26:47 [error] 33#33: *1 open() "/usr/share/nginx/html/50x.html" failed (2: No such file or directory), client: 172.18.0.1, server: nginx, request: "GET / HTTP/1.1", upstream: "http://127.0.0.1:8080/", host: "localhost:8000"
2022/10/06 14:26:47 [error] 33#33: *1 no live upstreams while connecting to upstream, client: 172.18.0.1, server: nginx, request: "GET /favicon.ico HTTP/1.1", upstream: "http://localhost/favicon.ico", host: "localhost:8000", referrer: "http://localhost:8000/"
2022/10/06 14:26:47 [error] 33#33: *1 open() "/usr/share/nginx/html/50x.html" failed (2: No such file or directory), client: 172.18.0.1, server: nginx, request: "GET /favicon.ico HTTP/1.1", upstream: "http://localhost/favicon.ico", host: "localhost:8000", referrer: "http://localhost:8000/"
2022/10/06 14:53:38 [notice] 1#1: signal 3 (SIGQUIT) received, shutting down
2022/10/06 14:53:38 [notice] 33#33: gracefully shutting down
2022/10/06 14:53:38 [notice] 35#35: gracefully shutting down
2022/10/06 14:53:38 [notice] 36#36: gracefully shutting down
2022/10/06 14:53:38 [notice] 34#34: gracefully shutting down
2022/10/06 14:53:38 [notice] 35#35: exiting
2022/10/06 14:53:38 [notice] 36#36: exiting
2022/10/06 14:53:38 [notice] 33#33: exiting
2022/10/06 14:53:38 [notice] 34#34: exiting
2022/10/06 14:53:38 [notice] 35#35: exit
2022/10/06 14:53:38 [notice] 36#36: exit
2022/10/06 14:53:38 [notice] 33#33: exit
2022/10/06 14:53:38 [notice] 34#34: exit
2022/10/06 14:53:38 [notice] 1#1: signal 17 (SIGCHLD) received from 34
2022/10/06 14:53:38 [notice] 1#1: worker process 34 exited with code 0
2022/10/06 14:53:38 [notice] 1#1: worker process 35 exited with code 0
2022/10/06 14:53:38 [notice] 1#1: worker process 36 exited with code 0
2022/10/06 14:53:38 [notice] 1#1: signal 29 (SIGIO) received
2022/10/06 14:53:38 [notice] 1#1: signal 17 (SIGCHLD) received from 36
2022/10/06 14:53:38 [notice] 1#1: signal 17 (SIGCHLD) received from 33
2022/10/06 14:53:38 [notice] 1#1: worker process 33 exited with code 0
2022/10/06 14:53:38 [notice] 1#1: exit
2022/10/06 14:53:56 [notice] 1#1: using the "epoll" event method
2022/10/06 14:53:56 [notice] 1#1: nginx/1.23.1
2022/10/06 14:53:56 [notice] 1#1: built by gcc 10.2.1 20210110 (Debian 10.2.1-6) 
2022/10/06 14:53:56 [notice] 1#1: OS: Linux 5.4.0-126-generic
2022/10/06 14:53:56 [notice] 1#1: getrlimit(RLIMIT_NOFILE): 1024:524288
2022/10/06 14:53:56 [notice] 1#1: start worker processes
2022/10/06 14:53:56 [notice] 1#1: start worker process 30
2022/10/06 14:53:56 [notice] 1#1: start worker process 31
2022/10/06 14:53:56 [notice] 1#1: start worker process 32
2022/10/06 14:53:56 [notice] 1#1: start worker process 33
2022/10/06 14:57:05 [error] 30#30: *1 connect() failed (111: Connection refused) while connecting to upstream, client: 172.19.0.1, server: nginx, request: "GET /src/admin/ HTTP/1.1", upstream: "http://127.0.0.1:8080/src/admin/", host: "localhost:8000"
2022/10/06 14:57:05 [error] 30#30: *1 connect() failed (111: Connection refused) while connecting to upstream, client: 172.19.0.1, server: nginx, request: "GET /src/admin/ HTTP/1.1", upstream: "http://127.0.0.1:8080/src/admin/", host: "localhost:8000"
2022/10/06 14:57:05 [error] 30#30: *1 open() "/usr/share/nginx/html/50x.html" failed (2: No such file or directory), client: 172.19.0.1, server: nginx, request: "GET /src/admin/ HTTP/1.1", upstream: "http://127.0.0.1:8080/src/admin/", host: "localhost:8000"
2022/10/06 15:00:04 [error] 32#32: *4 connect() failed (111: Connection refused) while connecting to upstream, client: 172.19.0.1, server: nginx, request: "GET / HTTP/1.1", upstream: "http://127.0.0.1:8080/", host: "localhost:8000"
2022/10/06 15:00:04 [error] 32#32: *4 connect() failed (111: Connection refused) while connecting to upstream, client: 172.19.0.1, server: nginx, request: "GET / HTTP/1.1", upstream: "http://127.0.0.1:8080/", host: "localhost:8000"
2022/10/06 15:00:04 [error] 32#32: *4 open() "/usr/share/nginx/html/50x.html" failed (2: No such file or directory), client: 172.19.0.1, server: nginx, request: "GET / HTTP/1.1", upstream: "http://127.0.0.1:8080/", host: "localhost:8000"
2022/10/06 15:01:14 [notice] 1#1: signal 3 (SIGQUIT) received, shutting down
2022/10/06 15:01:14 [notice] 31#31: gracefully shutting down
2022/10/06 15:01:14 [notice] 33#33: gracefully shutting down
2022/10/06 15:01:14 [notice] 31#31: exiting
2022/10/06 15:01:14 [notice] 33#33: exiting
2022/10/06 15:01:14 [notice] 31#31: exit
2022/10/06 15:01:14 [notice] 33#33: exit
2022/10/06 15:01:14 [notice] 30#30: gracefully shutting down
2022/10/06 15:01:14 [notice] 30#30: exiting
2022/10/06 15:01:14 [notice] 30#30: exit
2022/10/06 15:01:14 [notice] 32#32: gracefully shutting down
2022/10/06 15:01:14 [notice] 32#32: exiting
2022/10/06 15:01:14 [notice] 32#32: exit
2022/10/06 15:01:14 [notice] 1#1: signal 17 (SIGCHLD) received from 32
2022/10/06 15:01:14 [notice] 1#1: worker process 32 exited with code 0
2022/10/06 15:01:14 [notice] 1#1: signal 29 (SIGIO) received
2022/10/06 15:01:14 [notice] 1#1: signal 17 (SIGCHLD) received from 30
2022/10/06 15:01:14 [notice] 1#1: worker process 30 exited with code 0
2022/10/06 15:01:14 [notice] 1#1: worker process 31 exited with code 0
2022/10/06 15:01:14 [notice] 1#1: worker process 33 exited with code 0
2022/10/06 15:01:14 [notice] 1#1: exit
2022/10/06 15:01:55 [notice] 1#1: using the "epoll" event method
2022/10/06 15:01:55 [notice] 1#1: nginx/1.23.1
2022/10/06 15:01:55 [notice] 1#1: built by gcc 10.2.1 20210110 (Debian 10.2.1-6) 
2022/10/06 15:01:55 [notice] 1#1: OS: Linux 5.4.0-126-generic
2022/10/06 15:01:55 [notice] 1#1: getrlimit(RLIMIT_NOFILE): 1024:524288
2022/10/06 15:01:55 [notice] 1#1: start worker processes
2022/10/06 15:01:55 [notice] 1#1: start worker process 30
2022/10/06 15:01:55 [notice] 1#1: start worker process 31
2022/10/06 15:01:55 [notice] 1#1: start worker process 32
2022/10/06 15:01:55 [notice] 1#1: start worker process 33
2022/10/06 15:02:03 [error] 30#30: *1 connect() failed (111: Connection refused) while connecting to upstream, client: 172.20.0.1, server: nginx, request: "GET / HTTP/1.1", upstream: "http://127.0.0.1:8080/", host: "localhost:8000"
2022/10/06 15:02:03 [error] 30#30: *1 connect() failed (111: Connection refused) while connecting to upstream, client: 172.20.0.1, server: nginx, request: "GET / HTTP/1.1", upstream: "http://127.0.0.1:8080/", host: "localhost:8000"
2022/10/06 15:02:03 [error] 30#30: *1 open() "/usr/share/nginx/html/50x.html" failed (2: No such file or directory), client: 172.20.0.1, server: nginx, request: "GET / HTTP/1.1", upstream: "http://127.0.0.1:8080/", host: "localhost:8000"
2022/10/06 15:02:25 [error] 30#30: *1 connect() failed (111: Connection refused) while connecting to upstream, client: 172.20.0.1, server: nginx, request: "GET / HTTP/1.1", upstream: "http://127.0.0.1:8080/", host: "localhost:8000"
2022/10/06 15:02:25 [error] 30#30: *1 connect() failed (111: Connection refused) while connecting to upstream, client: 172.20.0.1, server: nginx, request: "GET / HTTP/1.1", upstream: "http://127.0.0.1:8080/", host: "localhost:8000"
2022/10/06 15:02:25 [error] 30#30: *1 open() "/usr/share/nginx/html/50x.html" failed (2: No such file or directory), client: 172.20.0.1, server: nginx, request: "GET / HTTP/1.1", upstream: "http://127.0.0.1:8080/", host: "localhost:8000"
2022/10/06 15:06:09 [notice] 1#1: signal 3 (SIGQUIT) received, shutting down
2022/10/06 15:06:09 [notice] 30#30: gracefully shutting down
2022/10/06 15:06:09 [notice] 33#33: gracefully shutting down
2022/10/06 15:06:09 [notice] 31#31: gracefully shutting down
2022/10/06 15:06:09 [notice] 30#30: exiting
2022/10/06 15:06:09 [notice] 33#33: exiting
2022/10/06 15:06:09 [notice] 31#31: exiting
2022/10/06 15:06:09 [notice] 33#33: exit
2022/10/06 15:06:09 [notice] 30#30: exit
2022/10/06 15:06:09 [notice] 31#31: exit
2022/10/06 15:06:09 [notice] 32#32: gracefully shutting down
2022/10/06 15:06:09 [notice] 32#32: exiting
2022/10/06 15:06:09 [notice] 32#32: exit
2022/10/06 15:06:09 [notice] 1#1: signal 17 (SIGCHLD) received from 30
2022/10/06 15:06:09 [notice] 1#1: worker process 30 exited with code 0
2022/10/06 15:06:09 [notice] 1#1: worker process 31 exited with code 0
2022/10/06 15:06:09 [notice] 1#1: worker process 33 exited with code 0
2022/10/06 15:06:09 [notice] 1#1: signal 29 (SIGIO) received
2022/10/06 15:06:09 [notice] 1#1: signal 17 (SIGCHLD) received from 32
2022/10/06 15:06:09 [notice] 1#1: worker process 32 exited with code 0
2022/10/06 15:06:09 [notice] 1#1: exit
2022/10/06 15:06:43 [notice] 1#1: using the "epoll" event method
2022/10/06 15:06:43 [notice] 1#1: nginx/1.23.1
2022/10/06 15:06:43 [notice] 1#1: built by gcc 10.2.1 20210110 (Debian 10.2.1-6) 
2022/10/06 15:06:43 [notice] 1#1: OS: Linux 5.4.0-126-generic
2022/10/06 15:06:43 [notice] 1#1: getrlimit(RLIMIT_NOFILE): 1024:524288
2022/10/06 15:06:43 [notice] 1#1: start worker processes
2022/10/06 15:06:43 [notice] 1#1: start worker process 30
2022/10/06 15:06:43 [notice] 1#1: start worker process 31
2022/10/06 15:06:43 [notice] 1#1: start worker process 32
2022/10/06 15:06:43 [notice] 1#1: start worker process 33
2022/10/06 15:48:03 [notice] 1#1: signal 3 (SIGQUIT) received, shutting down
2022/10/06 15:48:03 [notice] 30#30: gracefully shutting down
2022/10/06 15:48:03 [notice] 32#32: gracefully shutting down
2022/10/06 15:48:03 [notice] 31#31: gracefully shutting down
2022/10/06 15:48:03 [notice] 30#30: exiting
2022/10/06 15:48:03 [notice] 32#32: exiting
2022/10/06 15:48:03 [notice] 31#31: exiting
2022/10/06 15:48:03 [notice] 33#33: gracefully shutting down
2022/10/06 15:48:03 [notice] 33#33: exiting
2022/10/06 15:48:03 [notice] 31#31: exit
2022/10/06 15:48:03 [notice] 32#32: exit
2022/10/06 15:48:03 [notice] 30#30: exit
2022/10/06 15:48:03 [notice] 33#33: exit
2022/10/06 15:48:03 [notice] 1#1: signal 17 (SIGCHLD) received from 33
2022/10/06 15:48:03 [notice] 1#1: worker process 32 exited with code 0
2022/10/06 15:48:03 [notice] 1#1: worker process 33 exited with code 0
2022/10/06 15:48:03 [notice] 1#1: signal 29 (SIGIO) received
2022/10/06 15:48:03 [notice] 1#1: signal 17 (SIGCHLD) received from 30
2022/10/06 15:48:03 [notice] 1#1: worker process 30 exited with code 0
2022/10/06 15:48:03 [notice] 1#1: signal 29 (SIGIO) received
2022/10/06 15:48:03 [notice] 1#1: signal 17 (SIGCHLD) received from 31
2022/10/06 15:48:03 [notice] 1#1: worker process 31 exited with code 0
2022/10/06 15:48:03 [notice] 1#1: exit
2022/10/06 15:48:29 [notice] 1#1: using the "epoll" event method
2022/10/06 15:48:29 [notice] 1#1: nginx/1.23.1
2022/10/06 15:48:29 [notice] 1#1: built by gcc 10.2.1 20210110 (Debian 10.2.1-6) 
2022/10/06 15:48:29 [notice] 1#1: OS: Linux 5.4.0-126-generic
2022/10/06 15:48:29 [notice] 1#1: getrlimit(RLIMIT_NOFILE): 1024:524288
2022/10/06 15:48:29 [notice] 1#1: start worker processes
2022/10/06 15:48:29 [notice] 1#1: start worker process 30
2022/10/06 15:48:29 [notice] 1#1: start worker process 31
2022/10/06 15:48:29 [notice] 1#1: start worker process 32
2022/10/06 15:48:29 [notice] 1#1: start worker process 33
2022/10/06 16:06:59 [notice] 1#1: signal 3 (SIGQUIT) received, shutting down
2022/10/06 16:06:59 [notice] 31#31: gracefully shutting down
2022/10/06 16:06:59 [notice] 30#30: gracefully shutting down
2022/10/06 16:06:59 [notice] 31#31: exiting
2022/10/06 16:06:59 [notice] 33#33: gracefully shutting down
2022/10/06 16:06:59 [notice] 30#30: exiting
2022/10/06 16:06:59 [notice] 33#33: exiting
2022/10/06 16:06:59 [notice] 31#31: exit
2022/10/06 16:06:59 [notice] 30#30: exit
2022/10/06 16:06:59 [notice] 33#33: exit
2022/10/06 16:06:59 [notice] 32#32: gracefully shutting down
2022/10/06 16:06:59 [notice] 32#32: exiting
2022/10/06 16:06:59 [notice] 32#32: exit
2022/10/06 16:06:59 [notice] 1#1: signal 17 (SIGCHLD) received from 30
2022/10/06 16:06:59 [notice] 1#1: worker process 30 exited with code 0
2022/10/06 16:06:59 [notice] 1#1: signal 29 (SIGIO) received
2022/10/06 16:06:59 [notice] 1#1: signal 17 (SIGCHLD) received from 33
2022/10/06 16:06:59 [notice] 1#1: worker process 33 exited with code 0
2022/10/06 16:06:59 [notice] 1#1: signal 29 (SIGIO) received
2022/10/06 16:06:59 [notice] 1#1: signal 17 (SIGCHLD) received from 31
2022/10/06 16:06:59 [notice] 1#1: worker process 31 exited with code 0
2022/10/06 16:06:59 [notice] 1#1: worker process 32 exited with code 0
2022/10/06 16:06:59 [notice] 1#1: exit
2022/10/06 16:07:27 [notice] 1#1: using the "epoll" event method
2022/10/06 16:07:27 [notice] 1#1: nginx/1.23.1
2022/10/06 16:07:27 [notice] 1#1: built by gcc 10.2.1 20210110 (Debian 10.2.1-6) 
2022/10/06 16:07:27 [notice] 1#1: OS: Linux 5.4.0-126-generic
2022/10/06 16:07:27 [notice] 1#1: getrlimit(RLIMIT_NOFILE): 1024:524288
2022/10/06 16:07:27 [notice] 1#1: start worker processes
2022/10/06 16:07:27 [notice] 1#1: start worker process 30
2022/10/06 16:07:27 [notice] 1#1: start worker process 31
2022/10/06 16:07:27 [notice] 1#1: start worker process 32
2022/10/06 16:07:27 [notice] 1#1: start worker process 33
2022/10/06 16:34:49 [notice] 1#1: signal 15 (SIGTERM) received, exiting
2022/10/06 16:34:49 [notice] 33#33: signal 15 (SIGTERM) received, exiting
2022/10/06 16:34:49 [notice] 30#30: signal 15 (SIGTERM) received, exiting
2022/10/06 16:34:49 [notice] 32#32: signal 15 (SIGTERM) received, exiting
2022/10/06 16:34:49 [notice] 31#31: signal 15 (SIGTERM) received, exiting
2022/10/06 16:34:49 [notice] 30#30: exiting
2022/10/06 16:34:49 [notice] 31#31: exiting
2022/10/06 16:34:49 [notice] 33#33: exiting
2022/10/06 16:34:49 [notice] 32#32: exiting
2022/10/06 16:34:49 [notice] 30#30: exit
2022/10/06 16:34:49 [notice] 31#31: exit
2022/10/06 16:34:49 [notice] 32#32: exit
2022/10/06 16:34:49 [notice] 33#33: exit
2022/10/06 16:34:49 [notice] 1#1: signal 14 (SIGALRM) received
2022/10/06 16:34:49 [notice] 1#1: signal 14 (SIGALRM) received
2022/10/06 16:34:49 [notice] 1#1: signal 17 (SIGCHLD) received from 33
2022/10/06 16:34:49 [notice] 1#1: worker process 33 exited with code 0
2022/10/06 16:34:49 [notice] 1#1: signal 29 (SIGIO) received
2022/10/06 16:34:49 [notice] 1#1: signal 17 (SIGCHLD) received from 31
2022/10/06 16:34:49 [notice] 1#1: worker process 31 exited with code 0
2022/10/06 16:34:49 [notice] 1#1: signal 29 (SIGIO) received
2022/10/06 16:34:49 [notice] 1#1: signal 17 (SIGCHLD) received from 30
2022/10/06 16:34:49 [notice] 1#1: worker process 30 exited with code 0
2022/10/06 16:34:49 [notice] 1#1: worker process 32 exited with code 0
2022/10/06 16:34:49 [notice] 1#1: exit
2022/10/06 16:37:05 [notice] 1#1: using the "epoll" event method
2022/10/06 16:37:05 [notice] 1#1: nginx/1.23.1
2022/10/06 16:37:05 [notice] 1#1: built by gcc 10.2.1 20210110 (Debian 10.2.1-6) 
2022/10/06 16:37:05 [notice] 1#1: OS: Linux 5.4.0-126-generic
2022/10/06 16:37:05 [notice] 1#1: getrlimit(RLIMIT_NOFILE): 1024:524288
2022/10/06 16:37:05 [notice] 1#1: start worker processes
2022/10/06 16:37:05 [notice] 1#1: start worker process 30
2022/10/06 16:37:05 [notice] 1#1: start worker process 31
2022/10/06 16:37:05 [notice] 1#1: start worker process 32
2022/10/06 16:37:05 [notice] 1#1: start worker process 33
2022/10/06 16:40:33 [notice] 31#31: signal 15 (SIGTERM) received, exiting
2022/10/06 16:40:33 [notice] 33#33: signal 15 (SIGTERM) received, exiting
2022/10/06 16:40:33 [notice] 30#30: signal 15 (SIGTERM) received, exiting
2022/10/06 16:40:33 [notice] 31#31: exiting
2022/10/06 16:40:33 [notice] 33#33: exiting
2022/10/06 16:40:33 [notice] 30#30: exiting
2022/10/06 16:40:33 [notice] 33#33: exit
2022/10/06 16:40:33 [notice] 30#30: exit
2022/10/06 16:40:33 [notice] 31#31: exit
2022/10/06 16:40:33 [notice] 32#32: signal 15 (SIGTERM) received, exiting
2022/10/06 16:40:33 [notice] 1#1: signal 15 (SIGTERM) received, exiting
2022/10/06 16:40:33 [notice] 32#32: exiting
2022/10/06 16:40:33 [notice] 32#32: exit
2022/10/06 16:40:33 [notice] 1#1: signal 14 (SIGALRM) received
2022/10/06 16:40:33 [notice] 1#1: signal 17 (SIGCHLD) received from 31
2022/10/06 16:40:33 [notice] 1#1: worker process 31 exited with code 0
2022/10/06 16:40:33 [notice] 1#1: signal 29 (SIGIO) received
2022/10/06 16:40:33 [notice] 1#1: signal 17 (SIGCHLD) received from 33
2022/10/06 16:40:33 [notice] 1#1: worker process 33 exited with code 0
2022/10/06 16:40:33 [notice] 1#1: signal 29 (SIGIO) received
2022/10/06 16:40:33 [notice] 1#1: signal 17 (SIGCHLD) received from 30
2022/10/06 16:40:33 [notice] 1#1: worker process 30 exited with code 0
2022/10/06 16:40:33 [notice] 1#1: signal 29 (SIGIO) received
2022/10/06 16:40:33 [notice] 1#1: signal 17 (SIGCHLD) received from 32
2022/10/06 16:40:33 [notice] 1#1: worker process 32 exited with code 0
2022/10/06 16:40:33 [notice] 1#1: exit
2022/10/11 07:41:03 [notice] 1#1: using the "epoll" event method
2022/10/11 07:41:03 [notice] 1#1: nginx/1.23.1
2022/10/11 07:41:03 [notice] 1#1: built by gcc 10.2.1 20210110 (Debian 10.2.1-6) 
2022/10/11 07:41:03 [notice] 1#1: OS: Linux 5.4.0-126-generic
2022/10/11 07:41:03 [notice] 1#1: getrlimit(RLIMIT_NOFILE): 1024:524288
2022/10/11 07:41:03 [notice] 1#1: start worker processes
2022/10/11 07:41:03 [notice] 1#1: start worker process 32
2022/10/11 07:41:03 [notice] 1#1: start worker process 33
2022/10/11 07:41:03 [notice] 1#1: start worker process 34
2022/10/11 07:41:03 [notice] 1#1: start worker process 35
2022/10/11 08:19:34 [notice] 1#1: signal 3 (SIGQUIT) received, shutting down
2022/10/11 08:19:34 [notice] 33#33: gracefully shutting down
2022/10/11 08:19:34 [notice] 35#35: gracefully shutting down
2022/10/11 08:19:34 [notice] 33#33: exiting
2022/10/11 08:19:34 [notice] 35#35: exiting
2022/10/11 08:19:34 [notice] 33#33: exit
2022/10/11 08:19:34 [notice] 32#32: gracefully shutting down
2022/10/11 08:19:34 [notice] 32#32: exiting
2022/10/11 08:19:34 [notice] 35#35: exit
2022/10/11 08:19:34 [notice] 32#32: exit
2022/10/11 08:19:34 [notice] 34#34: gracefully shutting down
2022/10/11 08:19:34 [notice] 34#34: exiting
2022/10/11 08:19:34 [notice] 34#34: exit
2022/10/11 08:19:34 [notice] 1#1: signal 17 (SIGCHLD) received from 33
2022/10/11 08:19:34 [notice] 1#1: worker process 33 exited with code 0
2022/10/11 08:19:34 [notice] 1#1: signal 29 (SIGIO) received
2022/10/11 08:19:34 [notice] 1#1: signal 17 (SIGCHLD) received from 32
2022/10/11 08:19:34 [notice] 1#1: worker process 32 exited with code 0
2022/10/11 08:19:34 [notice] 1#1: signal 29 (SIGIO) received
2022/10/11 08:19:34 [notice] 1#1: signal 17 (SIGCHLD) received from 35
2022/10/11 08:19:34 [notice] 1#1: worker process 35 exited with code 0
2022/10/11 08:19:34 [notice] 1#1: signal 29 (SIGIO) received
2022/10/11 08:19:34 [notice] 1#1: signal 17 (SIGCHLD) received from 34
2022/10/11 08:19:34 [notice] 1#1: worker process 34 exited with code 0
2022/10/11 08:19:34 [notice] 1#1: exit
2022/10/11 08:20:09 [notice] 1#1: using the "epoll" event method
2022/10/11 08:20:09 [notice] 1#1: nginx/1.23.1
2022/10/11 08:20:09 [notice] 1#1: built by gcc 10.2.1 20210110 (Debian 10.2.1-6) 
2022/10/11 08:20:09 [notice] 1#1: OS: Linux 5.4.0-126-generic
2022/10/11 08:20:09 [notice] 1#1: getrlimit(RLIMIT_NOFILE): 1024:524288
2022/10/11 08:20:09 [notice] 1#1: start worker processes
2022/10/11 08:20:09 [notice] 1#1: start worker process 29
2022/10/11 08:20:09 [notice] 1#1: start worker process 30
2022/10/11 08:20:09 [notice] 1#1: start worker process 31
2022/10/11 08:20:09 [notice] 1#1: start worker process 32
2022/10/11 08:22:58 [notice] 1#1: signal 3 (SIGQUIT) received, shutting down
2022/10/11 08:22:58 [notice] 29#29: gracefully shutting down
2022/10/11 08:22:58 [notice] 32#32: gracefully shutting down
2022/10/11 08:22:58 [notice] 30#30: gracefully shutting down
2022/10/11 08:22:58 [notice] 32#32: exiting
2022/10/11 08:22:58 [notice] 30#30: exiting
2022/10/11 08:22:58 [notice] 29#29: exiting
2022/10/11 08:22:58 [notice] 32#32: exit
2022/10/11 08:22:58 [notice] 30#30: exit
2022/10/11 08:22:58 [notice] 29#29: exit
2022/10/11 08:22:58 [notice] 31#31: gracefully shutting down
2022/10/11 08:22:58 [notice] 31#31: exiting
2022/10/11 08:22:58 [notice] 31#31: exit
2022/10/11 08:22:58 [notice] 1#1: signal 17 (SIGCHLD) received from 30
2022/10/11 08:22:58 [notice] 1#1: worker process 30 exited with code 0
2022/10/11 08:22:58 [notice] 1#1: worker process 32 exited with code 0
2022/10/11 08:22:58 [notice] 1#1: signal 29 (SIGIO) received
2022/10/11 08:22:58 [notice] 1#1: signal 17 (SIGCHLD) received from 29
2022/10/11 08:22:58 [notice] 1#1: worker process 29 exited with code 0
2022/10/11 08:22:58 [notice] 1#1: signal 29 (SIGIO) received
2022/10/11 08:22:58 [notice] 1#1: signal 17 (SIGCHLD) received from 31
2022/10/11 08:22:58 [notice] 1#1: worker process 31 exited with code 0
2022/10/11 08:22:58 [notice] 1#1: exit
2022/10/11 08:23:25 [notice] 1#1: using the "epoll" event method
2022/10/11 08:23:25 [notice] 1#1: nginx/1.23.1
2022/10/11 08:23:25 [notice] 1#1: built by gcc 10.2.1 20210110 (Debian 10.2.1-6) 
2022/10/11 08:23:25 [notice] 1#1: OS: Linux 5.4.0-126-generic
2022/10/11 08:23:25 [notice] 1#1: getrlimit(RLIMIT_NOFILE): 1024:524288
2022/10/11 08:23:25 [notice] 1#1: start worker processes
2022/10/11 08:23:25 [notice] 1#1: start worker process 31
2022/10/11 08:23:25 [notice] 1#1: start worker process 32
2022/10/11 08:23:25 [notice] 1#1: start worker process 33
2022/10/11 08:23:25 [notice] 1#1: start worker process 34
2022/10/11 08:35:36 [notice] 1#1: signal 3 (SIGQUIT) received, shutting down
2022/10/11 08:35:36 [notice] 31#31: gracefully shutting down
2022/10/11 08:35:36 [notice] 33#33: gracefully shutting down
2022/10/11 08:35:36 [notice] 32#32: gracefully shutting down
2022/10/11 08:35:36 [notice] 33#33: exiting
2022/10/11 08:35:36 [notice] 31#31: exiting
2022/10/11 08:35:36 [notice] 32#32: exiting
2022/10/11 08:35:36 [notice] 34#34: gracefully shutting down
2022/10/11 08:35:36 [notice] 34#34: exiting
2022/10/11 08:35:36 [notice] 32#32: exit
2022/10/11 08:35:36 [notice] 33#33: exit
2022/10/11 08:35:36 [notice] 31#31: exit
2022/10/11 08:35:36 [notice] 34#34: exit
2022/10/11 08:35:36 [notice] 1#1: signal 17 (SIGCHLD) received from 34
2022/10/11 08:35:36 [notice] 1#1: worker process 34 exited with code 0
2022/10/11 08:35:36 [notice] 1#1: worker process 33 exited with code 0
2022/10/11 08:35:36 [notice] 1#1: signal 29 (SIGIO) received
2022/10/11 08:35:36 [notice] 1#1: signal 17 (SIGCHLD) received from 33
2022/10/11 08:35:36 [notice] 1#1: signal 17 (SIGCHLD) received from 31
2022/10/11 08:35:36 [notice] 1#1: worker process 31 exited with code 0
2022/10/11 08:35:36 [notice] 1#1: worker process 32 exited with code 0
2022/10/11 08:35:36 [notice] 1#1: exit
2022/10/11 08:36:07 [notice] 1#1: using the "epoll" event method
2022/10/11 08:36:07 [notice] 1#1: nginx/1.23.1
2022/10/11 08:36:07 [notice] 1#1: built by gcc 10.2.1 20210110 (Debian 10.2.1-6) 
2022/10/11 08:36:07 [notice] 1#1: OS: Linux 5.4.0-126-generic
2022/10/11 08:36:07 [notice] 1#1: getrlimit(RLIMIT_NOFILE): 1024:524288
2022/10/11 08:36:07 [notice] 1#1: start worker processes
2022/10/11 08:36:07 [notice] 1#1: start worker process 35
2022/10/11 08:36:07 [notice] 1#1: start worker process 36
2022/10/11 08:36:07 [notice] 1#1: start worker process 37
2022/10/11 08:36:07 [notice] 1#1: start worker process 38
2022/10/11 08:45:47 [notice] 1#1: signal 3 (SIGQUIT) received, shutting down
2022/10/11 08:45:47 [notice] 36#36: gracefully shutting down
2022/10/11 08:45:47 [notice] 36#36: exiting
2022/10/11 08:45:47 [notice] 35#35: gracefully shutting down
2022/10/11 08:45:47 [notice] 35#35: exiting
2022/10/11 08:45:47 [notice] 36#36: exit
2022/10/11 08:45:47 [notice] 35#35: exit
2022/10/11 08:45:47 [notice] 38#38: gracefully shutting down
2022/10/11 08:45:47 [notice] 38#38: exiting
2022/10/11 08:45:47 [notice] 38#38: exit
2022/10/11 08:45:47 [notice] 37#37: gracefully shutting down
2022/10/11 08:45:47 [notice] 37#37: exiting
2022/10/11 08:45:47 [notice] 37#37: exit
2022/10/11 08:45:47 [notice] 1#1: signal 17 (SIGCHLD) received from 36
2022/10/11 08:45:47 [notice] 1#1: worker process 36 exited with code 0
2022/10/11 08:45:47 [notice] 1#1: signal 29 (SIGIO) received
2022/10/11 08:45:47 [notice] 1#1: signal 17 (SIGCHLD) received from 37
2022/10/11 08:45:47 [notice] 1#1: worker process 37 exited with code 0
2022/10/11 08:45:47 [notice] 1#1: signal 29 (SIGIO) received
2022/10/11 08:45:47 [notice] 1#1: signal 17 (SIGCHLD) received from 38
2022/10/11 08:45:47 [notice] 1#1: worker process 35 exited with code 0
2022/10/11 08:45:47 [notice] 1#1: worker process 38 exited with code 0
2022/10/11 08:45:47 [notice] 1#1: exit
2022/10/11 08:46:25 [notice] 1#1: using the "epoll" event method
2022/10/11 08:46:25 [notice] 1#1: nginx/1.23.1
2022/10/11 08:46:25 [notice] 1#1: built by gcc 10.2.1 20210110 (Debian 10.2.1-6) 
2022/10/11 08:46:25 [notice] 1#1: OS: Linux 5.4.0-126-generic
2022/10/11 08:46:25 [notice] 1#1: getrlimit(RLIMIT_NOFILE): 1024:524288
2022/10/11 08:46:25 [notice] 1#1: start worker processes
2022/10/11 08:46:25 [notice] 1#1: start worker process 32
2022/10/11 08:46:25 [notice] 1#1: start worker process 33
2022/10/11 08:46:25 [notice] 1#1: start worker process 34
2022/10/11 08:46:25 [notice] 1#1: start worker process 35
2022/10/11 08:47:03 [notice] 1#1: signal 3 (SIGQUIT) received, shutting down
2022/10/11 08:47:03 [notice] 33#33: gracefully shutting down
2022/10/11 08:47:03 [notice] 33#33: exiting
2022/10/11 08:47:03 [notice] 33#33: exit
2022/10/11 08:47:03 [notice] 32#32: gracefully shutting down
2022/10/11 08:47:03 [notice] 32#32: exiting
2022/10/11 08:47:03 [notice] 32#32: exit
2022/10/11 08:47:03 [notice] 34#34: gracefully shutting down
2022/10/11 08:47:03 [notice] 34#34: exiting
2022/10/11 08:47:03 [notice] 34#34: exit
2022/10/11 08:47:03 [notice] 35#35: gracefully shutting down
2022/10/11 08:47:03 [notice] 35#35: exiting
2022/10/11 08:47:03 [notice] 35#35: exit
2022/10/11 08:47:03 [notice] 1#1: signal 17 (SIGCHLD) received from 33
2022/10/11 08:47:03 [notice] 1#1: worker process 32 exited with code 0
2022/10/11 08:47:03 [notice] 1#1: worker process 33 exited with code 0
2022/10/11 08:47:03 [notice] 1#1: signal 29 (SIGIO) received
2022/10/11 08:47:03 [notice] 1#1: signal 17 (SIGCHLD) received from 34
2022/10/11 08:47:03 [notice] 1#1: worker process 34 exited with code 0
2022/10/11 08:47:03 [notice] 1#1: worker process 35 exited with code 0
2022/10/11 08:47:03 [notice] 1#1: exit
2022/10/11 09:03:09 [notice] 1#1: using the "epoll" event method
2022/10/11 09:03:09 [notice] 1#1: nginx/1.23.1
2022/10/11 09:03:09 [notice] 1#1: built by gcc 10.2.1 20210110 (Debian 10.2.1-6) 
2022/10/11 09:03:09 [notice] 1#1: OS: Linux 5.4.0-126-generic
2022/10/11 09:03:09 [notice] 1#1: getrlimit(RLIMIT_NOFILE): 1024:524288
2022/10/11 09:03:09 [notice] 1#1: start worker processes
2022/10/11 09:03:09 [notice] 1#1: start worker process 30
2022/10/11 09:03:09 [notice] 1#1: start worker process 31
2022/10/11 09:03:09 [notice] 1#1: start worker process 32
2022/10/11 09:03:09 [notice] 1#1: start worker process 33
2022/10/11 09:06:05 [notice] 1#1: signal 3 (SIGQUIT) received, shutting down
2022/10/11 09:06:05 [notice] 30#30: gracefully shutting down
2022/10/11 09:06:05 [notice] 32#32: gracefully shutting down
2022/10/11 09:06:05 [notice] 30#30: exiting
2022/10/11 09:06:05 [notice] 32#32: exiting
2022/10/11 09:06:05 [notice] 32#32: exit
2022/10/11 09:06:05 [notice] 30#30: exit
2022/10/11 09:06:05 [notice] 33#33: gracefully shutting down
2022/10/11 09:06:05 [notice] 33#33: exiting
2022/10/11 09:06:05 [notice] 33#33: exit
2022/10/11 09:06:05 [notice] 31#31: gracefully shutting down
2022/10/11 09:06:05 [notice] 31#31: exiting
2022/10/11 09:06:05 [notice] 31#31: exit
2022/10/11 09:06:06 [notice] 1#1: signal 17 (SIGCHLD) received from 33
2022/10/11 09:06:06 [notice] 1#1: worker process 33 exited with code 0
2022/10/11 09:06:06 [notice] 1#1: signal 29 (SIGIO) received
2022/10/11 09:06:06 [notice] 1#1: signal 17 (SIGCHLD) received from 31
2022/10/11 09:06:06 [notice] 1#1: worker process 31 exited with code 0
2022/10/11 09:06:06 [notice] 1#1: signal 29 (SIGIO) received
2022/10/11 09:06:06 [notice] 1#1: signal 17 (SIGCHLD) received from 32
2022/10/11 09:06:06 [notice] 1#1: worker process 32 exited with code 0
2022/10/11 09:06:06 [notice] 1#1: signal 29 (SIGIO) received
2022/10/11 09:06:06 [notice] 1#1: signal 17 (SIGCHLD) received from 30
2022/10/11 09:06:06 [notice] 1#1: worker process 30 exited with code 0
2022/10/11 09:06:06 [notice] 1#1: exit
2022/10/11 09:06:23 [notice] 1#1: using the "epoll" event method
2022/10/11 09:06:23 [notice] 1#1: nginx/1.23.1
2022/10/11 09:06:23 [notice] 1#1: built by gcc 10.2.1 20210110 (Debian 10.2.1-6) 
2022/10/11 09:06:23 [notice] 1#1: OS: Linux 5.4.0-126-generic
2022/10/11 09:06:23 [notice] 1#1: getrlimit(RLIMIT_NOFILE): 1024:524288
2022/10/11 09:06:23 [notice] 1#1: start worker processes
2022/10/11 09:06:23 [notice] 1#1: start worker process 31
2022/10/11 09:06:23 [notice] 1#1: start worker process 32
2022/10/11 09:06:23 [notice] 1#1: start worker process 33
2022/10/11 09:06:23 [notice] 1#1: start worker process 34
2022/10/11 09:27:41 [notice] 1#1: signal 3 (SIGQUIT) received, shutting down
2022/10/11 09:27:41 [notice] 33#33: gracefully shutting down
2022/10/11 09:27:41 [notice] 33#33: exiting
2022/10/11 09:27:41 [notice] 34#34: gracefully shutting down
2022/10/11 09:27:41 [notice] 34#34: exiting
2022/10/11 09:27:41 [notice] 31#31: gracefully shutting down
2022/10/11 09:27:41 [notice] 31#31: exiting
2022/10/11 09:27:41 [notice] 32#32: gracefully shutting down
2022/10/11 09:27:41 [notice] 32#32: exiting
2022/10/11 09:27:41 [notice] 31#31: exit
2022/10/11 09:27:41 [notice] 33#33: exit
2022/10/11 09:27:41 [notice] 34#34: exit
2022/10/11 09:27:41 [notice] 32#32: exit
2022/10/11 09:27:41 [notice] 1#1: signal 17 (SIGCHLD) received from 33
2022/10/11 09:27:41 [notice] 1#1: worker process 33 exited with code 0
2022/10/11 09:27:41 [notice] 1#1: signal 29 (SIGIO) received
2022/10/11 09:27:41 [notice] 1#1: signal 17 (SIGCHLD) received from 34
2022/10/11 09:27:41 [notice] 1#1: worker process 34 exited with code 0
2022/10/11 09:27:41 [notice] 1#1: signal 29 (SIGIO) received
2022/10/11 09:27:41 [notice] 1#1: signal 17 (SIGCHLD) received from 32
2022/10/11 09:27:41 [notice] 1#1: worker process 31 exited with code 0
2022/10/11 09:27:41 [notice] 1#1: worker process 32 exited with code 0
2022/10/11 09:27:41 [notice] 1#1: exit
2022/10/11 09:28:08 [notice] 1#1: using the "epoll" event method
2022/10/11 09:28:08 [notice] 1#1: nginx/1.23.1
2022/10/11 09:28:08 [notice] 1#1: built by gcc 10.2.1 20210110 (Debian 10.2.1-6) 
2022/10/11 09:28:08 [notice] 1#1: OS: Linux 5.4.0-126-generic
2022/10/11 09:28:08 [notice] 1#1: getrlimit(RLIMIT_NOFILE): 1024:524288
2022/10/11 09:28:08 [notice] 1#1: start worker processes
2022/10/11 09:28:08 [notice] 1#1: start worker process 30
2022/10/11 09:28:08 [notice] 1#1: start worker process 31
2022/10/11 09:28:08 [notice] 1#1: start worker process 32
2022/10/11 09:28:08 [notice] 1#1: start worker process 33
2022/10/11 09:29:00 [notice] 1#1: signal 3 (SIGQUIT) received, shutting down
2022/10/11 09:29:00 [notice] 32#32: gracefully shutting down
2022/10/11 09:29:00 [notice] 32#32: exiting
2022/10/11 09:29:00 [notice] 32#32: exit
2022/10/11 09:29:00 [notice] 30#30: gracefully shutting down
2022/10/11 09:29:00 [notice] 30#30: exiting
2022/10/11 09:29:00 [notice] 30#30: exit
2022/10/11 09:29:00 [notice] 31#31: gracefully shutting down
2022/10/11 09:29:00 [notice] 31#31: exiting
2022/10/11 09:29:00 [notice] 31#31: exit
2022/10/11 09:29:00 [notice] 33#33: gracefully shutting down
2022/10/11 09:29:00 [notice] 33#33: exiting
2022/10/11 09:29:00 [notice] 33#33: exit
2022/10/11 09:29:01 [notice] 1#1: signal 17 (SIGCHLD) received from 30
2022/10/11 09:29:01 [notice] 1#1: worker process 30 exited with code 0
2022/10/11 09:29:01 [notice] 1#1: worker process 31 exited with code 0
2022/10/11 09:29:01 [notice] 1#1: signal 29 (SIGIO) received
2022/10/11 09:29:01 [notice] 1#1: signal 17 (SIGCHLD) received from 33
2022/10/11 09:29:01 [notice] 1#1: worker process 33 exited with code 0
2022/10/11 09:29:01 [notice] 1#1: signal 29 (SIGIO) received
2022/10/11 09:29:01 [notice] 1#1: signal 17 (SIGCHLD) received from 32
2022/10/11 09:29:01 [notice] 1#1: worker process 32 exited with code 0
2022/10/11 09:29:01 [notice] 1#1: exit
2022/10/11 09:29:47 [notice] 1#1: using the "epoll" event method
2022/10/11 09:29:47 [notice] 1#1: nginx/1.23.1
2022/10/11 09:29:47 [notice] 1#1: built by gcc 10.2.1 20210110 (Debian 10.2.1-6) 
2022/10/11 09:29:47 [notice] 1#1: OS: Linux 5.4.0-126-generic
2022/10/11 09:29:47 [notice] 1#1: getrlimit(RLIMIT_NOFILE): 1024:524288
2022/10/11 09:29:47 [notice] 1#1: start worker processes
2022/10/11 09:29:47 [notice] 1#1: start worker process 30
2022/10/11 09:29:47 [notice] 1#1: start worker process 31
2022/10/11 09:29:47 [notice] 1#1: start worker process 32
2022/10/11 09:29:47 [notice] 1#1: start worker process 33
2022/10/11 09:51:09 [notice] 1#1: signal 3 (SIGQUIT) received, shutting down
2022/10/11 09:51:09 [notice] 32#32: gracefully shutting down
2022/10/11 09:51:09 [notice] 30#30: gracefully shutting down
2022/10/11 09:51:09 [notice] 32#32: exiting
2022/10/11 09:51:09 [notice] 30#30: exiting
2022/10/11 09:51:09 [notice] 30#30: exit
2022/10/11 09:51:09 [notice] 32#32: exit
2022/10/11 09:51:09 [notice] 33#33: gracefully shutting down
2022/10/11 09:51:09 [notice] 33#33: exiting
2022/10/11 09:51:09 [notice] 33#33: exit
2022/10/11 09:51:09 [notice] 31#31: gracefully shutting down
2022/10/11 09:51:09 [notice] 31#31: exiting
2022/10/11 09:51:09 [notice] 31#31: exit
2022/10/11 09:51:09 [notice] 1#1: signal 17 (SIGCHLD) received from 32
2022/10/11 09:51:09 [notice] 1#1: worker process 30 exited with code 0
2022/10/11 09:51:09 [notice] 1#1: worker process 32 exited with code 0
2022/10/11 09:51:09 [notice] 1#1: signal 29 (SIGIO) received
2022/10/11 09:51:09 [notice] 1#1: signal 17 (SIGCHLD) received from 33
2022/10/11 09:51:09 [notice] 1#1: worker process 33 exited with code 0
2022/10/11 09:51:09 [notice] 1#1: signal 29 (SIGIO) received
2022/10/11 09:51:09 [notice] 1#1: signal 17 (SIGCHLD) received from 31
2022/10/11 09:51:09 [notice] 1#1: worker process 31 exited with code 0
2022/10/11 09:51:09 [notice] 1#1: exit
2022/10/11 09:52:33 [notice] 1#1: using the "epoll" event method
2022/10/11 09:52:33 [notice] 1#1: nginx/1.23.1
2022/10/11 09:52:33 [notice] 1#1: built by gcc 10.2.1 20210110 (Debian 10.2.1-6) 
2022/10/11 09:52:33 [notice] 1#1: OS: Linux 5.4.0-126-generic
2022/10/11 09:52:33 [notice] 1#1: getrlimit(RLIMIT_NOFILE): 1024:524288
2022/10/11 09:52:33 [notice] 1#1: start worker processes
2022/10/11 09:52:33 [notice] 1#1: start worker process 34
2022/10/11 09:52:33 [notice] 1#1: start worker process 35
2022/10/11 09:52:33 [notice] 1#1: start worker process 36
2022/10/11 09:52:33 [notice] 1#1: start worker process 37
2022/10/11 09:54:04 [notice] 1#1: signal 3 (SIGQUIT) received, shutting down
2022/10/11 09:54:04 [notice] 34#34: gracefully shutting down
2022/10/11 09:54:04 [notice] 35#35: gracefully shutting down
2022/10/11 09:54:04 [notice] 36#36: gracefully shutting down
2022/10/11 09:54:04 [notice] 34#34: exiting
2022/10/11 09:54:04 [notice] 36#36: exiting
2022/10/11 09:54:04 [notice] 34#34: exit
2022/10/11 09:54:04 [notice] 36#36: exit
2022/10/11 09:54:04 [notice] 35#35: exiting
2022/10/11 09:54:04 [notice] 35#35: exit
2022/10/11 09:54:04 [notice] 37#37: gracefully shutting down
2022/10/11 09:54:04 [notice] 37#37: exiting
2022/10/11 09:54:04 [notice] 37#37: exit
2022/10/11 09:54:04 [notice] 1#1: signal 17 (SIGCHLD) received from 34
2022/10/11 09:54:04 [notice] 1#1: worker process 34 exited with code 0
2022/10/11 09:54:04 [notice] 1#1: signal 29 (SIGIO) received
2022/10/11 09:54:04 [notice] 1#1: signal 17 (SIGCHLD) received from 36
2022/10/11 09:54:04 [notice] 1#1: worker process 36 exited with code 0
2022/10/11 09:54:04 [notice] 1#1: signal 29 (SIGIO) received
2022/10/11 09:54:04 [notice] 1#1: signal 17 (SIGCHLD) received from 37
2022/10/11 09:54:04 [notice] 1#1: worker process 35 exited with code 0
2022/10/11 09:54:04 [notice] 1#1: worker process 37 exited with code 0
2022/10/11 09:54:04 [notice] 1#1: exit
2022/10/11 09:54:32 [notice] 1#1: using the "epoll" event method
2022/10/11 09:54:32 [notice] 1#1: nginx/1.23.1
2022/10/11 09:54:32 [notice] 1#1: built by gcc 10.2.1 20210110 (Debian 10.2.1-6) 
2022/10/11 09:54:32 [notice] 1#1: OS: Linux 5.4.0-126-generic
2022/10/11 09:54:32 [notice] 1#1: getrlimit(RLIMIT_NOFILE): 1024:524288
2022/10/11 09:54:32 [notice] 1#1: start worker processes
2022/10/11 09:54:32 [notice] 1#1: start worker process 30
2022/10/11 09:54:32 [notice] 1#1: start worker process 31
2022/10/11 09:54:32 [notice] 1#1: start worker process 32
2022/10/11 09:54:32 [notice] 1#1: start worker process 33
2022/10/11 11:50:04 [notice] 1#1: signal 3 (SIGQUIT) received, shutting down
2022/10/11 11:50:04 [notice] 30#30: gracefully shutting down
2022/10/11 11:50:04 [notice] 31#31: gracefully shutting down
2022/10/11 11:50:04 [notice] 31#31: exiting
2022/10/11 11:50:04 [notice] 30#30: exiting
2022/10/11 11:50:04 [notice] 33#33: gracefully shutting down
2022/10/11 11:50:04 [notice] 33#33: exiting
2022/10/11 11:50:04 [notice] 33#33: exit
2022/10/11 11:50:04 [notice] 31#31: exit
2022/10/11 11:50:04 [notice] 32#32: gracefully shutting down
2022/10/11 11:50:04 [notice] 30#30: exit
2022/10/11 11:50:04 [notice] 32#32: exiting
2022/10/11 11:50:04 [notice] 32#32: exit
2022/10/11 11:50:04 [notice] 1#1: signal 17 (SIGCHLD) received from 33
2022/10/11 11:50:04 [notice] 1#1: worker process 30 exited with code 0
2022/10/11 11:50:04 [notice] 1#1: worker process 32 exited with code 0
2022/10/11 11:50:04 [notice] 1#1: worker process 33 exited with code 0
2022/10/11 11:50:04 [notice] 1#1: signal 17 (SIGCHLD) received from 30
2022/10/11 11:50:04 [notice] 1#1: signal 17 (SIGCHLD) received from 31
2022/10/11 11:50:04 [notice] 1#1: worker process 31 exited with code 0
2022/10/11 11:50:04 [notice] 1#1: exit
2022/10/11 11:50:28 [notice] 1#1: using the "epoll" event method
2022/10/11 11:50:28 [notice] 1#1: nginx/1.23.1
2022/10/11 11:50:28 [notice] 1#1: built by gcc 10.2.1 20210110 (Debian 10.2.1-6) 
2022/10/11 11:50:28 [notice] 1#1: OS: Linux 5.4.0-126-generic
2022/10/11 11:50:28 [notice] 1#1: getrlimit(RLIMIT_NOFILE): 1024:524288
2022/10/11 11:50:28 [notice] 1#1: start worker processes
2022/10/11 11:50:28 [notice] 1#1: start worker process 31
2022/10/11 11:50:28 [notice] 1#1: start worker process 32
2022/10/11 11:50:28 [notice] 1#1: start worker process 33
2022/10/11 11:50:28 [notice] 1#1: start worker process 34
2022/10/11 11:51:15 [notice] 1#1: signal 3 (SIGQUIT) received, shutting down
2022/10/11 11:51:15 [notice] 32#32: gracefully shutting down
2022/10/11 11:51:15 [notice] 34#34: gracefully shutting down
2022/10/11 11:51:15 [notice] 32#32: exiting
2022/10/11 11:51:15 [notice] 34#34: exiting
2022/10/11 11:51:15 [notice] 31#31: gracefully shutting down
2022/10/11 11:51:15 [notice] 33#33: gracefully shutting down
2022/10/11 11:51:15 [notice] 33#33: exiting
2022/10/11 11:51:15 [notice] 31#31: exiting
2022/10/11 11:51:15 [notice] 33#33: exit
2022/10/11 11:51:15 [notice] 32#32: exit
2022/10/11 11:51:15 [notice] 34#34: exit
2022/10/11 11:51:15 [notice] 31#31: exit
2022/10/11 11:51:15 [notice] 1#1: signal 17 (SIGCHLD) received from 34
2022/10/11 11:51:15 [notice] 1#1: worker process 31 exited with code 0
2022/10/11 11:51:15 [notice] 1#1: worker process 32 exited with code 0
2022/10/11 11:51:15 [notice] 1#1: worker process 33 exited with code 0
2022/10/11 11:51:15 [notice] 1#1: worker process 34 exited with code 0
2022/10/11 11:51:15 [notice] 1#1: exit
2022/10/11 11:53:53 [notice] 1#1: using the "epoll" event method
2022/10/11 11:53:53 [notice] 1#1: nginx/1.23.1
2022/10/11 11:53:53 [notice] 1#1: built by gcc 10.2.1 20210110 (Debian 10.2.1-6) 
2022/10/11 11:53:53 [notice] 1#1: OS: Linux 5.4.0-126-generic
2022/10/11 11:53:53 [notice] 1#1: getrlimit(RLIMIT_NOFILE): 1024:524288
2022/10/11 11:53:53 [notice] 1#1: start worker processes
2022/10/11 11:53:53 [notice] 1#1: start worker process 32
2022/10/11 11:53:53 [notice] 1#1: start worker process 33
2022/10/11 11:53:53 [notice] 1#1: start worker process 34
2022/10/11 11:53:53 [notice] 1#1: start worker process 35
2022/10/11 11:59:06 [notice] 1#1: signal 3 (SIGQUIT) received, shutting down
2022/10/11 11:59:06 [notice] 33#33: gracefully shutting down
2022/10/11 11:59:06 [notice] 35#35: gracefully shutting down
2022/10/11 11:59:06 [notice] 33#33: exiting
2022/10/11 11:59:06 [notice] 35#35: exiting
2022/10/11 11:59:06 [notice] 35#35: exit
2022/10/11 11:59:06 [notice] 33#33: exit
2022/10/11 11:59:06 [notice] 34#34: gracefully shutting down
2022/10/11 11:59:06 [notice] 34#34: exiting
2022/10/11 11:59:06 [notice] 34#34: exit
2022/10/11 11:59:06 [notice] 32#32: gracefully shutting down
2022/10/11 11:59:06 [notice] 32#32: exiting
2022/10/11 11:59:06 [notice] 32#32: exit
2022/10/11 11:59:06 [notice] 1#1: signal 17 (SIGCHLD) received from 35
2022/10/11 11:59:06 [notice] 1#1: worker process 35 exited with code 0
2022/10/11 11:59:06 [notice] 1#1: signal 29 (SIGIO) received
2022/10/11 11:59:06 [notice] 1#1: signal 17 (SIGCHLD) received from 32
2022/10/11 11:59:06 [notice] 1#1: worker process 32 exited with code 0
2022/10/11 11:59:06 [notice] 1#1: worker process 34 exited with code 0
2022/10/11 11:59:06 [notice] 1#1: signal 29 (SIGIO) received
2022/10/11 11:59:06 [notice] 1#1: signal 17 (SIGCHLD) received from 33
2022/10/11 11:59:06 [notice] 1#1: worker process 33 exited with code 0
2022/10/11 11:59:06 [notice] 1#1: exit
2022/10/11 11:59:41 [notice] 1#1: using the "epoll" event method
2022/10/11 11:59:41 [notice] 1#1: nginx/1.23.1
2022/10/11 11:59:41 [notice] 1#1: built by gcc 10.2.1 20210110 (Debian 10.2.1-6) 
2022/10/11 11:59:41 [notice] 1#1: OS: Linux 5.4.0-126-generic
2022/10/11 11:59:41 [notice] 1#1: getrlimit(RLIMIT_NOFILE): 1024:524288
2022/10/11 11:59:41 [notice] 1#1: start worker processes
2022/10/11 11:59:41 [notice] 1#1: start worker process 31
2022/10/11 11:59:41 [notice] 1#1: start worker process 32
2022/10/11 11:59:41 [notice] 1#1: start worker process 33
2022/10/11 11:59:41 [notice] 1#1: start worker process 34
2022/10/11 12:19:12 [notice] 1#1: signal 3 (SIGQUIT) received, shutting down
2022/10/11 12:19:12 [notice] 32#32: gracefully shutting down
2022/10/11 12:19:12 [notice] 32#32: exiting
2022/10/11 12:19:12 [notice] 31#31: gracefully shutting down
2022/10/11 12:19:12 [notice] 34#34: gracefully shutting down
2022/10/11 12:19:12 [notice] 34#34: exiting
2022/10/11 12:19:12 [notice] 31#31: exiting
2022/10/11 12:19:12 [notice] 33#33: gracefully shutting down
2022/10/11 12:19:12 [notice] 33#33: exiting
2022/10/11 12:19:12 [notice] 31#31: exit
2022/10/11 12:19:12 [notice] 34#34: exit
2022/10/11 12:19:12 [notice] 33#33: exit
2022/10/11 12:19:12 [notice] 32#32: exit
2022/10/11 12:19:12 [notice] 1#1: signal 17 (SIGCHLD) received from 33
2022/10/11 12:19:12 [notice] 1#1: worker process 32 exited with code 0
2022/10/11 12:19:12 [notice] 1#1: worker process 33 exited with code 0
2022/10/11 12:19:12 [notice] 1#1: worker process 34 exited with code 0
2022/10/11 12:19:12 [notice] 1#1: signal 29 (SIGIO) received
2022/10/11 12:19:12 [notice] 1#1: signal 17 (SIGCHLD) received from 31
2022/10/11 12:19:12 [notice] 1#1: worker process 31 exited with code 0
2022/10/11 12:19:12 [notice] 1#1: exit
2022/10/11 12:20:16 [notice] 1#1: using the "epoll" event method
2022/10/11 12:20:16 [notice] 1#1: nginx/1.23.1
2022/10/11 12:20:16 [notice] 1#1: built by gcc 10.2.1 20210110 (Debian 10.2.1-6) 
2022/10/11 12:20:16 [notice] 1#1: OS: Linux 5.4.0-126-generic
2022/10/11 12:20:16 [notice] 1#1: getrlimit(RLIMIT_NOFILE): 1024:524288
2022/10/11 12:20:16 [notice] 1#1: start worker processes
2022/10/11 12:20:16 [notice] 1#1: start worker process 32
2022/10/11 12:20:16 [notice] 1#1: start worker process 33
2022/10/11 12:20:16 [notice] 1#1: start worker process 34
2022/10/11 12:20:16 [notice] 1#1: start worker process 35
2022/10/11 13:53:24 [notice] 1#1: signal 3 (SIGQUIT) received, shutting down
2022/10/11 13:53:24 [notice] 34#34: gracefully shutting down
2022/10/11 13:53:24 [notice] 32#32: gracefully shutting down
2022/10/11 13:53:24 [notice] 34#34: exiting
2022/10/11 13:53:24 [notice] 32#32: exiting
2022/10/11 13:53:24 [notice] 35#35: gracefully shutting down
2022/10/11 13:53:24 [notice] 35#35: exiting
2022/10/11 13:53:24 [notice] 33#33: gracefully shutting down
2022/10/11 13:53:24 [notice] 33#33: exiting
2022/10/11 13:53:24 [notice] 34#34: exit
2022/10/11 13:53:24 [notice] 35#35: exit
2022/10/11 13:53:24 [notice] 32#32: exit
2022/10/11 13:53:24 [notice] 33#33: exit
2022/10/11 13:53:24 [notice] 1#1: signal 17 (SIGCHLD) received from 33
2022/10/11 13:53:24 [notice] 1#1: worker process 33 exited with code 0
2022/10/11 13:53:24 [notice] 1#1: signal 29 (SIGIO) received
2022/10/11 13:53:24 [notice] 1#1: signal 17 (SIGCHLD) received from 35
2022/10/11 13:53:24 [notice] 1#1: worker process 35 exited with code 0
2022/10/11 13:53:24 [notice] 1#1: signal 29 (SIGIO) received
2022/10/11 13:53:24 [notice] 1#1: signal 17 (SIGCHLD) received from 32
2022/10/11 13:53:24 [notice] 1#1: worker process 32 exited with code 0
2022/10/11 13:53:24 [notice] 1#1: signal 29 (SIGIO) received
2022/10/11 13:53:24 [notice] 1#1: signal 17 (SIGCHLD) received from 34
2022/10/11 13:53:24 [notice] 1#1: worker process 34 exited with code 0
2022/10/11 13:53:24 [notice] 1#1: exit
2022/10/11 13:54:09 [notice] 1#1: using the "epoll" event method
2022/10/11 13:54:09 [notice] 1#1: nginx/1.23.1
2022/10/11 13:54:09 [notice] 1#1: built by gcc 10.2.1 20210110 (Debian 10.2.1-6) 
2022/10/11 13:54:09 [notice] 1#1: OS: Linux 5.4.0-126-generic
2022/10/11 13:54:09 [notice] 1#1: getrlimit(RLIMIT_NOFILE): 1024:524288
2022/10/11 13:54:09 [notice] 1#1: start worker processes
2022/10/11 13:54:09 [notice] 1#1: start worker process 31
2022/10/11 13:54:09 [notice] 1#1: start worker process 32
2022/10/11 13:54:09 [notice] 1#1: start worker process 33
2022/10/11 13:54:09 [notice] 1#1: start worker process 34
2022/10/11 14:45:40 [notice] 1#1: signal 3 (SIGQUIT) received, shutting down
2022/10/11 14:45:40 [notice] 31#31: gracefully shutting down
2022/10/11 14:45:40 [notice] 32#32: gracefully shutting down
2022/10/11 14:45:40 [notice] 31#31: exiting
2022/10/11 14:45:40 [notice] 32#32: exiting
2022/10/11 14:45:40 [notice] 32#32: exit
2022/10/11 14:45:40 [notice] 31#31: exit
2022/10/11 14:45:40 [notice] 34#34: gracefully shutting down
2022/10/11 14:45:40 [notice] 34#34: exiting
2022/10/11 14:45:40 [notice] 34#34: exit
2022/10/11 14:45:40 [notice] 33#33: gracefully shutting down
2022/10/11 14:45:40 [notice] 33#33: exiting
2022/10/11 14:45:40 [notice] 33#33: exit
2022/10/11 14:45:40 [notice] 1#1: signal 17 (SIGCHLD) received from 33
2022/10/11 14:45:40 [notice] 1#1: worker process 33 exited with code 0
2022/10/11 14:45:40 [notice] 1#1: signal 29 (SIGIO) received
2022/10/11 14:45:40 [notice] 1#1: signal 17 (SIGCHLD) received from 34
2022/10/11 14:45:40 [notice] 1#1: worker process 31 exited with code 0
2022/10/11 14:45:40 [notice] 1#1: worker process 34 exited with code 0
2022/10/11 14:45:40 [notice] 1#1: signal 29 (SIGIO) received
2022/10/11 14:45:40 [notice] 1#1: signal 17 (SIGCHLD) received from 32
2022/10/11 14:45:40 [notice] 1#1: worker process 32 exited with code 0
2022/10/11 14:45:40 [notice] 1#1: exit
2022/10/12 10:40:47 [notice] 1#1: using the "epoll" event method
2022/10/12 10:40:47 [notice] 1#1: nginx/1.23.1
2022/10/12 10:40:47 [notice] 1#1: built by gcc 10.2.1 20210110 (Debian 10.2.1-6) 
2022/10/12 10:40:47 [notice] 1#1: OS: Linux 5.4.0-126-generic
2022/10/12 10:40:47 [notice] 1#1: getrlimit(RLIMIT_NOFILE): 1024:524288
2022/10/12 10:40:47 [notice] 1#1: start worker processes
2022/10/12 10:40:47 [notice] 1#1: start worker process 29
2022/10/12 10:40:47 [notice] 1#1: start worker process 30
2022/10/12 10:40:47 [notice] 1#1: start worker process 31
2022/10/12 10:40:47 [notice] 1#1: start worker process 32
2022/10/12 10:49:03 [notice] 1#1: signal 15 (SIGTERM) received, exiting
2022/10/12 10:49:03 [notice] 29#29: exiting
2022/10/12 10:49:03 [notice] 31#31: exiting
2022/10/12 10:49:03 [notice] 32#32: exiting
2022/10/12 10:49:03 [notice] 29#29: exit
2022/10/12 10:49:03 [notice] 31#31: exit
2022/10/12 10:49:03 [notice] 32#32: exit
2022/10/12 10:49:03 [notice] 30#30: signal 15 (SIGTERM) received, exiting
2022/10/12 10:49:03 [notice] 30#30: exiting
2022/10/12 10:49:03 [notice] 30#30: exit
2022/10/12 10:49:03 [notice] 1#1: signal 17 (SIGCHLD) received from 31
2022/10/12 10:49:03 [notice] 1#1: worker process 31 exited with code 0
2022/10/12 10:49:03 [notice] 1#1: signal 29 (SIGIO) received
2022/10/12 10:49:03 [notice] 1#1: signal 17 (SIGCHLD) received from 32
2022/10/12 10:49:03 [notice] 1#1: worker process 29 exited with code 0
2022/10/12 10:49:03 [notice] 1#1: worker process 30 exited with code 0
2022/10/12 10:49:03 [notice] 1#1: worker process 32 exited with code 0
2022/10/12 10:49:03 [notice] 1#1: exit
2022/10/12 10:58:24 [notice] 1#1: using the "epoll" event method
2022/10/12 10:58:24 [notice] 1#1: nginx/1.23.1
2022/10/12 10:58:24 [notice] 1#1: built by gcc 10.2.1 20210110 (Debian 10.2.1-6) 
2022/10/12 10:58:24 [notice] 1#1: OS: Linux 5.4.0-128-generic
2022/10/12 10:58:24 [notice] 1#1: getrlimit(RLIMIT_NOFILE): 1024:524288
2022/10/12 10:58:24 [notice] 1#1: start worker processes
2022/10/12 10:58:24 [notice] 1#1: start worker process 30
2022/10/12 10:58:24 [notice] 1#1: start worker process 31
2022/10/12 10:58:24 [notice] 1#1: start worker process 32
2022/10/12 10:58:24 [notice] 1#1: start worker process 33
2022/10/12 11:03:35 [notice] 1#1: signal 3 (SIGQUIT) received, shutting down
2022/10/12 11:03:35 [notice] 30#30: gracefully shutting down
2022/10/12 11:03:35 [notice] 32#32: gracefully shutting down
2022/10/12 11:03:35 [notice] 32#32: exiting
2022/10/12 11:03:35 [notice] 30#30: exiting
2022/10/12 11:03:35 [notice] 32#32: exit
2022/10/12 11:03:35 [notice] 30#30: exit
2022/10/12 11:03:35 [notice] 31#31: gracefully shutting down
2022/10/12 11:03:35 [notice] 31#31: exiting
2022/10/12 11:03:35 [notice] 31#31: exit
2022/10/12 11:03:35 [notice] 33#33: gracefully shutting down
2022/10/12 11:03:35 [notice] 33#33: exiting
2022/10/12 11:03:35 [notice] 33#33: exit
2022/10/12 11:03:35 [notice] 1#1: signal 17 (SIGCHLD) received from 31
2022/10/12 11:03:35 [notice] 1#1: worker process 31 exited with code 0
2022/10/12 11:03:35 [notice] 1#1: worker process 32 exited with code 0
2022/10/12 11:03:35 [notice] 1#1: signal 29 (SIGIO) received
2022/10/12 11:03:35 [notice] 1#1: signal 17 (SIGCHLD) received from 32
2022/10/12 11:03:35 [notice] 1#1: signal 17 (SIGCHLD) received from 33
2022/10/12 11:03:35 [notice] 1#1: worker process 33 exited with code 0
2022/10/12 11:03:35 [notice] 1#1: signal 29 (SIGIO) received
2022/10/12 11:03:35 [notice] 1#1: signal 17 (SIGCHLD) received from 30
2022/10/12 11:03:35 [notice] 1#1: worker process 30 exited with code 0
2022/10/12 11:03:35 [notice] 1#1: exit
2022/10/12 11:06:41 [notice] 1#1: using the "epoll" event method
2022/10/12 11:06:41 [notice] 1#1: nginx/1.23.1
2022/10/12 11:06:41 [notice] 1#1: built by gcc 10.2.1 20210110 (Debian 10.2.1-6) 
2022/10/12 11:06:41 [notice] 1#1: OS: Linux 5.4.0-128-generic
2022/10/12 11:06:41 [notice] 1#1: getrlimit(RLIMIT_NOFILE): 1024:524288
2022/10/12 11:06:41 [notice] 1#1: start worker processes
2022/10/12 11:06:41 [notice] 1#1: start worker process 30
2022/10/12 11:06:41 [notice] 1#1: start worker process 31
2022/10/12 11:06:41 [notice] 1#1: start worker process 32
2022/10/12 11:06:41 [notice] 1#1: start worker process 33
2022/10/12 11:21:59 [notice] 1#1: signal 3 (SIGQUIT) received, shutting down
2022/10/12 11:21:59 [notice] 31#31: gracefully shutting down
2022/10/12 11:21:59 [notice] 31#31: exiting
2022/10/12 11:21:59 [notice] 33#33: gracefully shutting down
2022/10/12 11:21:59 [notice] 33#33: exiting
2022/10/12 11:21:59 [notice] 32#32: gracefully shutting down
2022/10/12 11:21:59 [notice] 32#32: exiting
2022/10/12 11:21:59 [notice] 30#30: gracefully shutting down
2022/10/12 11:21:59 [notice] 30#30: exiting
2022/10/12 11:21:59 [notice] 32#32: exit
2022/10/12 11:21:59 [notice] 31#31: exit
2022/10/12 11:21:59 [notice] 33#33: exit
2022/10/12 11:21:59 [notice] 30#30: exit
2022/10/12 11:21:59 [notice] 1#1: signal 17 (SIGCHLD) received from 33
2022/10/12 11:21:59 [notice] 1#1: worker process 33 exited with code 0
2022/10/12 11:21:59 [notice] 1#1: signal 29 (SIGIO) received
2022/10/12 11:21:59 [notice] 1#1: signal 17 (SIGCHLD) received from 30
2022/10/12 11:21:59 [notice] 1#1: worker process 30 exited with code 0
2022/10/12 11:21:59 [notice] 1#1: signal 29 (SIGIO) received
2022/10/12 11:21:59 [notice] 1#1: signal 17 (SIGCHLD) received from 32
2022/10/12 11:21:59 [notice] 1#1: worker process 32 exited with code 0
2022/10/12 11:21:59 [notice] 1#1: signal 29 (SIGIO) received
2022/10/12 11:21:59 [notice] 1#1: signal 17 (SIGCHLD) received from 31
2022/10/12 11:21:59 [notice] 1#1: worker process 31 exited with code 0
2022/10/12 11:21:59 [notice] 1#1: exit
2022/10/12 11:23:15 [emerg] 1#1: host not found in upstream "php-apache" in /etc/nginx/conf.d/default.conf:51
2022/10/12 11:26:11 [notice] 1#1: using the "epoll" event method
2022/10/12 11:26:11 [notice] 1#1: nginx/1.23.1
2022/10/12 11:26:11 [notice] 1#1: built by gcc 10.2.1 20210110 (Debian 10.2.1-6) 
2022/10/12 11:26:11 [notice] 1#1: OS: Linux 5.4.0-128-generic
2022/10/12 11:26:11 [notice] 1#1: getrlimit(RLIMIT_NOFILE): 1024:524288
2022/10/12 11:26:11 [notice] 1#1: start worker processes
2022/10/12 11:26:11 [notice] 1#1: start worker process 30
2022/10/12 11:26:11 [notice] 1#1: start worker process 31
2022/10/12 11:26:11 [notice] 1#1: start worker process 32
2022/10/12 11:26:11 [notice] 1#1: start worker process 33
2022/10/12 12:01:00 [notice] 1#1: signal 3 (SIGQUIT) received, shutting down
2022/10/12 12:01:00 [notice] 31#31: gracefully shutting down
2022/10/12 12:01:00 [notice] 30#30: gracefully shutting down
2022/10/12 12:01:00 [notice] 32#32: gracefully shutting down
2022/10/12 12:01:00 [notice] 31#31: exiting
2022/10/12 12:01:00 [notice] 30#30: exiting
2022/10/12 12:01:00 [notice] 32#32: exiting
2022/10/12 12:01:00 [notice] 31#31: exit
2022/10/12 12:01:00 [notice] 30#30: exit
2022/10/12 12:01:00 [notice] 32#32: exit
2022/10/12 12:01:00 [notice] 33#33: gracefully shutting down
2022/10/12 12:01:00 [notice] 33#33: exiting
2022/10/12 12:01:00 [notice] 33#33: exit
2022/10/12 12:01:00 [notice] 1#1: signal 17 (SIGCHLD) received from 33
2022/10/12 12:01:00 [notice] 1#1: worker process 33 exited with code 0
2022/10/12 12:01:00 [notice] 1#1: signal 29 (SIGIO) received
2022/10/12 12:01:00 [notice] 1#1: signal 17 (SIGCHLD) received from 30
2022/10/12 12:01:00 [notice] 1#1: worker process 30 exited with code 0
2022/10/12 12:01:00 [notice] 1#1: signal 29 (SIGIO) received
2022/10/12 12:01:00 [notice] 1#1: signal 17 (SIGCHLD) received from 31
2022/10/12 12:01:00 [notice] 1#1: worker process 31 exited with code 0
2022/10/12 12:01:00 [notice] 1#1: signal 29 (SIGIO) received
2022/10/12 12:01:00 [notice] 1#1: signal 17 (SIGCHLD) received from 32
2022/10/12 12:01:00 [notice] 1#1: worker process 32 exited with code 0
2022/10/12 12:01:00 [notice] 1#1: exit
2022/10/12 12:07:19 [emerg] 1#1: host not found in upstream "php-apache" in /etc/nginx/conf.d/default.conf:51
2022/10/12 12:13:14 [emerg] 1#1: host not found in upstream "php-apache" in /etc/nginx/conf.d/default.conf:51
2022/10/12 12:23:34 [emerg] 1#1: host not found in upstream "php-apache" in /etc/nginx/conf.d/default.conf:51
2022/10/12 12:29:51 [notice] 1#1: using the "epoll" event method
2022/10/12 12:29:51 [notice] 1#1: nginx/1.23.1
2022/10/12 12:29:51 [notice] 1#1: built by gcc 10.2.1 20210110 (Debian 10.2.1-6) 
2022/10/12 12:29:51 [notice] 1#1: OS: Linux 5.4.0-128-generic
2022/10/12 12:29:51 [notice] 1#1: getrlimit(RLIMIT_NOFILE): 1024:524288
2022/10/12 12:29:51 [notice] 1#1: start worker processes
2022/10/12 12:29:51 [notice] 1#1: start worker process 31
2022/10/12 12:29:51 [notice] 1#1: start worker process 32
2022/10/12 12:29:51 [notice] 1#1: start worker process 33
2022/10/12 12:29:51 [notice] 1#1: start worker process 34
2022/10/12 12:31:34 [notice] 1#1: signal 3 (SIGQUIT) received, shutting down
2022/10/12 12:31:34 [notice] 31#31: gracefully shutting down
2022/10/12 12:31:34 [notice] 33#33: gracefully shutting down
2022/10/12 12:31:34 [notice] 32#32: gracefully shutting down
2022/10/12 12:31:34 [notice] 31#31: exiting
2022/10/12 12:31:34 [notice] 32#32: exiting
2022/10/12 12:31:34 [notice] 33#33: exiting
2022/10/12 12:31:34 [notice] 31#31: exit
2022/10/12 12:31:34 [notice] 32#32: exit
2022/10/12 12:31:34 [notice] 33#33: exit
2022/10/12 12:31:34 [notice] 34#34: gracefully shutting down
2022/10/12 12:31:34 [notice] 34#34: exiting
2022/10/12 12:31:34 [notice] 34#34: exit
2022/10/12 12:31:34 [notice] 1#1: signal 17 (SIGCHLD) received from 33
2022/10/12 12:31:34 [notice] 1#1: worker process 33 exited with code 0
2022/10/12 12:31:34 [notice] 1#1: signal 29 (SIGIO) received
2022/10/12 12:31:34 [notice] 1#1: signal 17 (SIGCHLD) received from 31
2022/10/12 12:31:34 [notice] 1#1: worker process 31 exited with code 0
2022/10/12 12:31:34 [notice] 1#1: worker process 34 exited with code 0
2022/10/12 12:31:34 [notice] 1#1: signal 29 (SIGIO) received
2022/10/12 12:31:34 [notice] 1#1: signal 17 (SIGCHLD) received from 32
2022/10/12 12:31:34 [notice] 1#1: worker process 32 exited with code 0
2022/10/12 12:31:34 [notice] 1#1: exit
2022/10/12 12:36:13 [notice] 1#1: using the "epoll" event method
2022/10/12 12:36:13 [notice] 1#1: nginx/1.23.1
2022/10/12 12:36:13 [notice] 1#1: built by gcc 10.2.1 20210110 (Debian 10.2.1-6) 
2022/10/12 12:36:13 [notice] 1#1: OS: Linux 5.4.0-128-generic
2022/10/12 12:36:13 [notice] 1#1: getrlimit(RLIMIT_NOFILE): 1024:524288
2022/10/12 12:36:13 [notice] 1#1: start worker processes
2022/10/12 12:36:13 [notice] 1#1: start worker process 31
2022/10/12 12:36:13 [notice] 1#1: start worker process 32
2022/10/12 12:36:13 [notice] 1#1: start worker process 33
2022/10/12 12:36:13 [notice] 1#1: start worker process 34
2022/10/12 12:46:18 [notice] 1#1: signal 3 (SIGQUIT) received, shutting down
2022/10/12 12:46:18 [notice] 31#31: gracefully shutting down
2022/10/12 12:46:18 [notice] 31#31: exiting
2022/10/12 12:46:18 [notice] 32#32: gracefully shutting down
2022/10/12 12:46:18 [notice] 31#31: exit
2022/10/12 12:46:18 [notice] 32#32: exiting
2022/10/12 12:46:18 [notice] 32#32: exit
2022/10/12 12:46:18 [notice] 34#34: gracefully shutting down
2022/10/12 12:46:18 [notice] 34#34: exiting
2022/10/12 12:46:18 [notice] 34#34: exit
2022/10/12 12:46:18 [notice] 33#33: gracefully shutting down
2022/10/12 12:46:18 [notice] 33#33: exiting
2022/10/12 12:46:18 [notice] 33#33: exit
2022/10/12 12:46:18 [notice] 1#1: signal 17 (SIGCHLD) received from 33
2022/10/12 12:46:18 [notice] 1#1: worker process 33 exited with code 0
2022/10/12 12:46:18 [notice] 1#1: signal 29 (SIGIO) received
2022/10/12 12:46:18 [notice] 1#1: signal 17 (SIGCHLD) received from 34
2022/10/12 12:46:18 [notice] 1#1: worker process 34 exited with code 0
2022/10/12 12:46:18 [notice] 1#1: signal 29 (SIGIO) received
2022/10/12 12:46:18 [notice] 1#1: signal 17 (SIGCHLD) received from 31
2022/10/12 12:46:18 [notice] 1#1: worker process 31 exited with code 0
2022/10/12 12:46:18 [notice] 1#1: signal 17 (SIGCHLD) received from 32
2022/10/12 12:46:18 [notice] 1#1: worker process 32 exited with code 0
2022/10/12 12:46:18 [notice] 1#1: exit
2022/10/12 12:47:12 [notice] 1#1: using the "epoll" event method
2022/10/12 12:47:12 [notice] 1#1: nginx/1.23.1
2022/10/12 12:47:12 [notice] 1#1: built by gcc 10.2.1 20210110 (Debian 10.2.1-6) 
2022/10/12 12:47:12 [notice] 1#1: OS: Linux 5.4.0-128-generic
2022/10/12 12:47:12 [notice] 1#1: getrlimit(RLIMIT_NOFILE): 1024:524288
2022/10/12 12:47:12 [notice] 1#1: start worker processes
2022/10/12 12:47:12 [notice] 1#1: start worker process 34
2022/10/12 12:47:12 [notice] 1#1: start worker process 35
2022/10/12 12:47:12 [notice] 1#1: start worker process 36
2022/10/12 12:47:12 [notice] 1#1: start worker process 37
2022/10/12 12:52:52 [notice] 1#1: signal 3 (SIGQUIT) received, shutting down
2022/10/12 12:52:52 [notice] 37#37: gracefully shutting down
2022/10/12 12:52:52 [notice] 35#35: gracefully shutting down
2022/10/12 12:52:52 [notice] 34#34: gracefully shutting down
2022/10/12 12:52:52 [notice] 36#36: gracefully shutting down
2022/10/12 12:52:52 [notice] 37#37: exiting
2022/10/12 12:52:52 [notice] 35#35: exiting
2022/10/12 12:52:52 [notice] 36#36: exiting
2022/10/12 12:52:52 [notice] 37#37: exit
2022/10/12 12:52:52 [notice] 35#35: exit
2022/10/12 12:52:52 [notice] 36#36: exit
2022/10/12 12:52:52 [notice] 34#34: exiting
2022/10/12 12:52:52 [notice] 34#34: exit
2022/10/12 12:52:52 [notice] 1#1: signal 17 (SIGCHLD) received from 34
2022/10/12 12:52:52 [notice] 1#1: worker process 34 exited with code 0
2022/10/12 12:52:52 [notice] 1#1: worker process 35 exited with code 0
2022/10/12 12:52:52 [notice] 1#1: worker process 37 exited with code 0
2022/10/12 12:52:52 [notice] 1#1: signal 29 (SIGIO) received
2022/10/12 12:52:52 [notice] 1#1: signal 17 (SIGCHLD) received from 35
2022/10/12 12:52:52 [notice] 1#1: signal 17 (SIGCHLD) received from 36
2022/10/12 12:52:52 [notice] 1#1: worker process 36 exited with code 0
2022/10/12 12:52:52 [notice] 1#1: exit
2022/10/12 12:53:42 [notice] 1#1: using the "epoll" event method
2022/10/12 12:53:42 [notice] 1#1: nginx/1.23.1
2022/10/12 12:53:42 [notice] 1#1: built by gcc 10.2.1 20210110 (Debian 10.2.1-6) 
2022/10/12 12:53:42 [notice] 1#1: OS: Linux 5.4.0-128-generic
2022/10/12 12:53:42 [notice] 1#1: getrlimit(RLIMIT_NOFILE): 1024:524288
2022/10/12 12:53:42 [notice] 1#1: start worker processes
2022/10/12 12:53:42 [notice] 1#1: start worker process 29
2022/10/12 12:53:42 [notice] 1#1: start worker process 30
2022/10/12 12:53:42 [notice] 1#1: start worker process 31
2022/10/12 12:53:42 [notice] 1#1: start worker process 32
2022/10/12 12:54:55 [notice] 1#1: signal 3 (SIGQUIT) received, shutting down
2022/10/12 12:54:55 [notice] 29#29: gracefully shutting down
2022/10/12 12:54:55 [notice] 29#29: exiting
2022/10/12 12:54:55 [notice] 29#29: exit
2022/10/12 12:54:55 [notice] 30#30: gracefully shutting down
2022/10/12 12:54:55 [notice] 30#30: exiting
2022/10/12 12:54:55 [notice] 30#30: exit
2022/10/12 12:54:55 [notice] 31#31: gracefully shutting down
2022/10/12 12:54:55 [notice] 31#31: exiting
2022/10/12 12:54:55 [notice] 31#31: exit
2022/10/12 12:54:55 [notice] 32#32: gracefully shutting down
2022/10/12 12:54:55 [notice] 32#32: exiting
2022/10/12 12:54:55 [notice] 32#32: exit
2022/10/12 12:54:55 [notice] 1#1: signal 17 (SIGCHLD) received from 30
2022/10/12 12:54:55 [notice] 1#1: worker process 29 exited with code 0
2022/10/12 12:54:55 [notice] 1#1: worker process 30 exited with code 0
2022/10/12 12:54:55 [notice] 1#1: worker process 32 exited with code 0
2022/10/12 12:54:55 [notice] 1#1: signal 29 (SIGIO) received
2022/10/12 12:54:55 [notice] 1#1: signal 17 (SIGCHLD) received from 31
2022/10/12 12:54:55 [notice] 1#1: worker process 31 exited with code 0
2022/10/12 12:54:55 [notice] 1#1: exit
2022/10/12 12:57:15 [notice] 1#1: using the "epoll" event method
2022/10/12 12:57:15 [notice] 1#1: nginx/1.23.1
2022/10/12 12:57:15 [notice] 1#1: built by gcc 10.2.1 20210110 (Debian 10.2.1-6) 
2022/10/12 12:57:15 [notice] 1#1: OS: Linux 5.4.0-128-generic
2022/10/12 12:57:15 [notice] 1#1: getrlimit(RLIMIT_NOFILE): 1024:524288
2022/10/12 12:57:15 [notice] 1#1: start worker processes
2022/10/12 12:57:15 [notice] 1#1: start worker process 30
2022/10/12 12:57:15 [notice] 1#1: start worker process 31
2022/10/12 12:57:15 [notice] 1#1: start worker process 32
2022/10/12 12:57:15 [notice] 1#1: start worker process 33
2022/10/12 12:57:39 [notice] 1#1: signal 3 (SIGQUIT) received, shutting down
2022/10/12 12:57:39 [notice] 33#33: gracefully shutting down
2022/10/12 12:57:39 [notice] 33#33: exiting
2022/10/12 12:57:39 [notice] 32#32: gracefully shutting down
2022/10/12 12:57:39 [notice] 32#32: exiting
2022/10/12 12:57:39 [notice] 33#33: exit
2022/10/12 12:57:39 [notice] 32#32: exit
2022/10/12 12:57:39 [notice] 31#31: gracefully shutting down
2022/10/12 12:57:39 [notice] 30#30: gracefully shutting down
2022/10/12 12:57:39 [notice] 31#31: exiting
2022/10/12 12:57:39 [notice] 30#30: exiting
2022/10/12 12:57:39 [notice] 31#31: exit
2022/10/12 12:57:39 [notice] 30#30: exit
2022/10/12 12:57:39 [notice] 1#1: signal 17 (SIGCHLD) received from 33
2022/10/12 12:57:39 [notice] 1#1: worker process 30 exited with code 0
2022/10/12 12:57:39 [notice] 1#1: worker process 32 exited with code 0
2022/10/12 12:57:39 [notice] 1#1: worker process 33 exited with code 0
2022/10/12 12:57:39 [notice] 1#1: signal 29 (SIGIO) received
2022/10/12 12:57:39 [notice] 1#1: signal 17 (SIGCHLD) received from 31
2022/10/12 12:57:39 [notice] 1#1: worker process 31 exited with code 0
2022/10/12 12:57:39 [notice] 1#1: exit
2022/10/12 12:59:14 [notice] 1#1: using the "epoll" event method
2022/10/12 12:59:14 [notice] 1#1: nginx/1.23.1
2022/10/12 12:59:14 [notice] 1#1: built by gcc 10.2.1 20210110 (Debian 10.2.1-6) 
2022/10/12 12:59:14 [notice] 1#1: OS: Linux 5.4.0-128-generic
2022/10/12 12:59:14 [notice] 1#1: getrlimit(RLIMIT_NOFILE): 1024:524288
2022/10/12 12:59:14 [notice] 1#1: start worker processes
2022/10/12 12:59:14 [notice] 1#1: start worker process 30
2022/10/12 12:59:14 [notice] 1#1: start worker process 31
2022/10/12 12:59:14 [notice] 1#1: start worker process 32
2022/10/12 12:59:14 [notice] 1#1: start worker process 33
2022/10/12 13:06:35 [notice] 1#1: signal 3 (SIGQUIT) received, shutting down
2022/10/12 13:06:35 [notice] 32#32: gracefully shutting down
2022/10/12 13:06:35 [notice] 32#32: exiting
2022/10/12 13:06:35 [notice] 32#32: exit
2022/10/12 13:06:35 [notice] 30#30: gracefully shutting down
2022/10/12 13:06:35 [notice] 30#30: exiting
2022/10/12 13:06:35 [notice] 30#30: exit
2022/10/12 13:06:35 [notice] 33#33: gracefully shutting down
2022/10/12 13:06:35 [notice] 33#33: exiting
2022/10/12 13:06:35 [notice] 33#33: exit
2022/10/12 13:06:35 [notice] 31#31: gracefully shutting down
2022/10/12 13:06:35 [notice] 31#31: exiting
2022/10/12 13:06:35 [notice] 31#31: exit
2022/10/12 13:06:35 [notice] 1#1: signal 17 (SIGCHLD) received from 30
2022/10/12 13:06:35 [notice] 1#1: worker process 30 exited with code 0
2022/10/12 13:06:35 [notice] 1#1: signal 29 (SIGIO) received
2022/10/12 13:06:35 [notice] 1#1: signal 17 (SIGCHLD) received from 32
2022/10/12 13:06:35 [notice] 1#1: worker process 32 exited with code 0
2022/10/12 13:06:35 [notice] 1#1: signal 29 (SIGIO) received
2022/10/12 13:06:35 [notice] 1#1: signal 17 (SIGCHLD) received from 33
2022/10/12 13:06:35 [notice] 1#1: worker process 33 exited with code 0
2022/10/12 13:06:35 [notice] 1#1: signal 29 (SIGIO) received
2022/10/12 13:06:35 [notice] 1#1: signal 17 (SIGCHLD) received from 31
2022/10/12 13:06:35 [notice] 1#1: worker process 31 exited with code 0
2022/10/12 13:06:35 [notice] 1#1: exit
2022/10/12 13:07:37 [notice] 1#1: using the "epoll" event method
2022/10/12 13:07:37 [notice] 1#1: nginx/1.23.1
2022/10/12 13:07:37 [notice] 1#1: built by gcc 10.2.1 20210110 (Debian 10.2.1-6) 
2022/10/12 13:07:37 [notice] 1#1: OS: Linux 5.4.0-128-generic
2022/10/12 13:07:37 [notice] 1#1: getrlimit(RLIMIT_NOFILE): 1024:524288
2022/10/12 13:07:37 [notice] 1#1: start worker processes
2022/10/12 13:07:37 [notice] 1#1: start worker process 30
2022/10/12 13:07:37 [notice] 1#1: start worker process 31
2022/10/12 13:07:37 [notice] 1#1: start worker process 32
2022/10/12 13:07:37 [notice] 1#1: start worker process 33
2022/10/12 13:09:45 [notice] 1#1: signal 3 (SIGQUIT) received, shutting down
2022/10/12 13:09:45 [notice] 31#31: gracefully shutting down
2022/10/12 13:09:45 [notice] 32#32: gracefully shutting down
2022/10/12 13:09:45 [notice] 31#31: exiting
2022/10/12 13:09:45 [notice] 32#32: exiting
2022/10/12 13:09:45 [notice] 31#31: exit
2022/10/12 13:09:45 [notice] 32#32: exit
2022/10/12 13:09:45 [notice] 33#33: gracefully shutting down
2022/10/12 13:09:45 [notice] 33#33: exiting
2022/10/12 13:09:45 [notice] 33#33: exit
2022/10/12 13:09:45 [notice] 30#30: gracefully shutting down
2022/10/12 13:09:45 [notice] 30#30: exiting
2022/10/12 13:09:45 [notice] 30#30: exit
2022/10/12 13:09:45 [notice] 1#1: signal 17 (SIGCHLD) received from 32
2022/10/12 13:09:45 [notice] 1#1: worker process 31 exited with code 0
2022/10/12 13:09:45 [notice] 1#1: worker process 32 exited with code 0
2022/10/12 13:09:45 [notice] 1#1: signal 29 (SIGIO) received
2022/10/12 13:09:45 [notice] 1#1: signal 17 (SIGCHLD) received from 33
2022/10/12 13:09:45 [notice] 1#1: worker process 33 exited with code 0
2022/10/12 13:09:45 [notice] 1#1: signal 29 (SIGIO) received
2022/10/12 13:09:45 [notice] 1#1: signal 17 (SIGCHLD) received from 30
2022/10/12 13:09:45 [notice] 1#1: worker process 30 exited with code 0
2022/10/12 13:09:45 [notice] 1#1: exit
2022/10/12 13:24:08 [notice] 1#1: using the "epoll" event method
2022/10/12 13:24:08 [notice] 1#1: nginx/1.23.1
2022/10/12 13:24:08 [notice] 1#1: built by gcc 10.2.1 20210110 (Debian 10.2.1-6) 
2022/10/12 13:24:08 [notice] 1#1: OS: Linux 5.4.0-128-generic
2022/10/12 13:24:08 [notice] 1#1: getrlimit(RLIMIT_NOFILE): 1024:524288
2022/10/12 13:24:08 [notice] 1#1: start worker processes
2022/10/12 13:24:08 [notice] 1#1: start worker process 32
2022/10/12 13:24:08 [notice] 1#1: start worker process 33
2022/10/12 13:24:08 [notice] 1#1: start worker process 34
2022/10/12 13:24:08 [notice] 1#1: start worker process 35
2022/10/12 14:00:30 [notice] 1#1: signal 3 (SIGQUIT) received, shutting down
2022/10/12 14:00:30 [notice] 32#32: gracefully shutting down
2022/10/12 14:00:30 [notice] 32#32: exiting
2022/10/12 14:00:30 [notice] 35#35: gracefully shutting down
2022/10/12 14:00:30 [notice] 33#33: gracefully shutting down
2022/10/12 14:00:30 [notice] 35#35: exiting
2022/10/12 14:00:30 [notice] 33#33: exiting
2022/10/12 14:00:30 [notice] 34#34: gracefully shutting down
2022/10/12 14:00:30 [notice] 34#34: exiting
2022/10/12 14:00:30 [notice] 33#33: exit
2022/10/12 14:00:30 [notice] 35#35: exit
2022/10/12 14:00:30 [notice] 32#32: exit
2022/10/12 14:00:30 [notice] 34#34: exit
2022/10/12 14:00:30 [notice] 1#1: signal 17 (SIGCHLD) received from 34
2022/10/12 14:00:30 [notice] 1#1: worker process 34 exited with code 0
2022/10/12 14:00:30 [notice] 1#1: signal 29 (SIGIO) received
2022/10/12 14:00:30 [notice] 1#1: signal 17 (SIGCHLD) received from 35
2022/10/12 14:00:30 [notice] 1#1: worker process 33 exited with code 0
2022/10/12 14:00:30 [notice] 1#1: worker process 35 exited with code 0
2022/10/12 14:00:30 [notice] 1#1: signal 29 (SIGIO) received
2022/10/12 14:00:30 [notice] 1#1: signal 17 (SIGCHLD) received from 33
2022/10/12 14:00:30 [notice] 1#1: signal 17 (SIGCHLD) received from 32
2022/10/12 14:00:30 [notice] 1#1: worker process 32 exited with code 0
2022/10/12 14:00:30 [notice] 1#1: exit
2022/10/13 06:11:39 [notice] 1#1: using the "epoll" event method
2022/10/13 06:11:39 [notice] 1#1: nginx/1.23.1
2022/10/13 06:11:39 [notice] 1#1: built by gcc 10.2.1 20210110 (Debian 10.2.1-6) 
2022/10/13 06:11:39 [notice] 1#1: OS: Linux 5.4.0-128-generic
2022/10/13 06:11:39 [notice] 1#1: getrlimit(RLIMIT_NOFILE): 1024:524288
2022/10/13 06:11:39 [notice] 1#1: start worker processes
2022/10/13 06:11:39 [notice] 1#1: start worker process 30
2022/10/13 06:11:39 [notice] 1#1: start worker process 31
2022/10/13 06:11:39 [notice] 1#1: start worker process 32
2022/10/13 06:11:39 [notice] 1#1: start worker process 33
2022/10/13 06:52:10 [notice] 1#1: signal 3 (SIGQUIT) received, shutting down
2022/10/13 06:52:10 [notice] 33#33: gracefully shutting down
2022/10/13 06:52:10 [notice] 31#31: gracefully shutting down
2022/10/13 06:52:10 [notice] 32#32: gracefully shutting down
2022/10/13 06:52:10 [notice] 33#33: exiting
2022/10/13 06:52:10 [notice] 31#31: exiting
2022/10/13 06:52:10 [notice] 33#33: exit
2022/10/13 06:52:10 [notice] 31#31: exit
2022/10/13 06:52:10 [notice] 30#30: gracefully shutting down
2022/10/13 06:52:10 [notice] 30#30: exiting
2022/10/13 06:52:10 [notice] 30#30: exit
2022/10/13 06:52:10 [notice] 32#32: exiting
2022/10/13 06:52:10 [notice] 32#32: exit
2022/10/13 06:52:10 [notice] 1#1: signal 17 (SIGCHLD) received from 30
2022/10/13 06:52:10 [notice] 1#1: worker process 30 exited with code 0
2022/10/13 06:52:10 [notice] 1#1: worker process 33 exited with code 0
2022/10/13 06:52:10 [notice] 1#1: signal 29 (SIGIO) received
2022/10/13 06:52:10 [notice] 1#1: signal 17 (SIGCHLD) received from 33
2022/10/13 06:52:10 [notice] 1#1: signal 17 (SIGCHLD) received from 32
2022/10/13 06:52:10 [notice] 1#1: worker process 32 exited with code 0
2022/10/13 06:52:10 [notice] 1#1: signal 29 (SIGIO) received
2022/10/13 06:52:10 [notice] 1#1: signal 17 (SIGCHLD) received from 31
2022/10/13 06:52:10 [notice] 1#1: worker process 31 exited with code 0
2022/10/13 06:52:10 [notice] 1#1: exit
2022/10/19 09:40:04 [notice] 1#1: using the "epoll" event method
2022/10/19 09:40:04 [notice] 1#1: nginx/1.23.1
2022/10/19 09:40:04 [notice] 1#1: built by gcc 10.2.1 20210110 (Debian 10.2.1-6) 
2022/10/19 09:40:04 [notice] 1#1: OS: Linux 5.4.0-128-generic
2022/10/19 09:40:04 [notice] 1#1: getrlimit(RLIMIT_NOFILE): 1024:524288
2022/10/19 09:40:04 [notice] 1#1: start worker processes
2022/10/19 09:40:04 [notice] 1#1: start worker process 30
2022/10/19 09:40:04 [notice] 1#1: start worker process 31
2022/10/19 09:40:04 [notice] 1#1: start worker process 32
2022/10/19 09:40:04 [notice] 1#1: start worker process 33
2022/10/19 10:19:51 [notice] 1#1: signal 15 (SIGTERM) received, exiting
2022/10/19 10:19:51 [notice] 1#1: signal 17 (SIGCHLD) received from 33
2022/10/19 10:19:51 [notice] 31#31: signal 15 (SIGTERM) received, exiting
2022/10/19 10:19:51 [notice] 32#32: signal 15 (SIGTERM) received, exiting
2022/10/19 10:19:51 [notice] 32#32: exiting
2022/10/19 10:19:51 [notice] 31#31: exiting
2022/10/19 10:19:51 [notice] 33#33: signal 15 (SIGTERM) received, exiting
2022/10/19 10:19:51 [notice] 33#33: exiting
2022/10/19 10:19:51 [notice] 30#30: signal 15 (SIGTERM) received, exiting
2022/10/19 10:19:51 [notice] 30#30: exiting
2022/10/19 10:19:51 [notice] 1#1: signal 17 (SIGCHLD) received from 30
2022/10/19 10:19:51 [notice] 32#32: exit
2022/10/19 10:19:51 [notice] 31#31: exit
2022/10/19 10:19:51 [notice] 30#30: exit
2022/10/19 10:19:51 [notice] 33#33: exit
2022/10/19 10:19:51 [notice] 1#1: signal 14 (SIGALRM) received
2022/10/19 10:19:51 [notice] 1#1: signal 17 (SIGCHLD) received from 31
2022/10/19 10:19:51 [notice] 1#1: worker process 31 exited with code 0
2022/10/19 10:19:51 [notice] 1#1: signal 29 (SIGIO) received
2022/10/19 10:19:51 [notice] 1#1: signal 17 (SIGCHLD) received from 30
2022/10/19 10:19:51 [notice] 1#1: worker process 30 exited with code 0
2022/10/19 10:19:51 [notice] 1#1: signal 29 (SIGIO) received
2022/10/19 10:19:51 [notice] 1#1: signal 17 (SIGCHLD) received from 33
2022/10/19 10:19:51 [notice] 1#1: worker process 33 exited with code 0
2022/10/19 10:19:51 [notice] 1#1: signal 29 (SIGIO) received
2022/10/19 10:19:51 [notice] 1#1: signal 17 (SIGCHLD) received from 32
2022/10/19 10:19:51 [notice] 1#1: worker process 32 exited with code 0
2022/10/19 10:19:51 [notice] 1#1: exit
